[2024-06-20T07:44:43.626+0000] {local_task_job_runner.py:120} INFO - ::group::Pre task execution logs
[2024-06-20T07:44:43.671+0000] {taskinstance.py:2076} INFO - Dependencies all met for dep_context=non-requeueable deps ti=<TaskInstance: ELT-PROJECT.transform.fact_orders.test manual__2024-06-20T07:39:50.213563+00:00 [queued]>
[2024-06-20T07:44:43.695+0000] {taskinstance.py:2076} INFO - Dependencies all met for dep_context=requeueable deps ti=<TaskInstance: ELT-PROJECT.transform.fact_orders.test manual__2024-06-20T07:39:50.213563+00:00 [queued]>
[2024-06-20T07:44:43.697+0000] {taskinstance.py:2306} INFO - Starting attempt 1 of 2
[2024-06-20T07:44:43.728+0000] {taskinstance.py:2330} INFO - Executing <Task(DbtTestLocalOperator): transform.fact_orders.test> on 2024-06-20 07:39:50.213563+00:00
[2024-06-20T07:44:43.744+0000] {standard_task_runner.py:90} INFO - Running: ['airflow', 'tasks', 'run', 'ELT-PROJECT', 'transform.fact_orders.test', 'manual__2024-06-20T07:39:50.213563+00:00', '--job-id', '212', '--raw', '--subdir', 'DAGS_FOLDER/elt.py', '--cfg-path', '/tmp/tmp7so_lm43']
[2024-06-20T07:44:43.751+0000] {standard_task_runner.py:91} INFO - Job 212: Subtask transform.fact_orders.test
[2024-06-20T07:44:43.758+0000] {logging_mixin.py:188} WARNING - /home/airflow/.local/lib/python3.12/site-packages/airflow/task/task_runner/standard_task_runner.py:61 DeprecationWarning: This process (pid=1862) is multi-threaded, use of fork() may lead to deadlocks in the child.
[2024-06-20T07:44:43.759+0000] {standard_task_runner.py:63} INFO - Started process 1866 to run task
[2024-06-20T07:44:43.786+0000] {logging_mixin.py:188} WARNING - /home/airflow/.local/lib/python3.12/site-packages/airflow/settings.py:195 DeprecationWarning: The sql_alchemy_conn option in [core] has been moved to the sql_alchemy_conn option in [database] - the old setting has been used, but please update your config.
[2024-06-20T07:44:43.927+0000] {task_command.py:426} INFO - Running <TaskInstance: ELT-PROJECT.transform.fact_orders.test manual__2024-06-20T07:39:50.213563+00:00 [running]> on host airflow-scheduler
[2024-06-20T07:44:44.373+0000] {taskinstance.py:2648} INFO - Exporting env vars: AIRFLOW_CTX_DAG_OWNER='Data-Ninja' AIRFLOW_CTX_DAG_ID='ELT-PROJECT' AIRFLOW_CTX_TASK_ID='transform.fact_orders.test' AIRFLOW_CTX_EXECUTION_DATE='2024-06-20T07:39:50.213563+00:00' AIRFLOW_CTX_TRY_NUMBER='1' AIRFLOW_CTX_DAG_RUN_ID='manual__2024-06-20T07:39:50.213563+00:00'
[2024-06-20T07:44:44.379+0000] {taskinstance.py:430} INFO - ::endgroup::
[2024-06-20T07:44:44.426+0000] {local.py:174} INFO - Could not import dbtRunner. Falling back to subprocess for invoking dbt.
[2024-06-20T07:44:44.434+0000] {local.py:292} INFO - Cloning project to writable temp directory /tmp/tmp_ue2f936 from /opt/airflow/dags/dbt/dbt_project
[2024-06-20T07:44:44.468+0000] {local.py:303} INFO - Partial parse is enabled and the latest partial parse file is /tmp/cosmos/ELT-PROJECT__transform/target/partial_parse.msgpack
[2024-06-20T07:44:44.573+0000] {base.py:84} INFO - Using connection ID 'snow_conn' for task execution.
[2024-06-20T07:44:44.575+0000] {crypto.py:82} WARNING - empty cryptography key - values will not be stored encrypted.
[2024-06-20T07:44:44.579+0000] {base.py:225} INFO - Using real values for profile dbt_project
[2024-06-20T07:44:44.586+0000] {config.py:291} INFO - Creating temporary profiles.yml with use_mock_values=False at /tmp/tmpijpe47hz/profiles.yml with the following contents:
dbt_project:
    outputs:
        dev:
            account: sk84886.europe-west2.gcp
            database: ELT_PROJECT
            password: '{{ env_var(''COSMOS_CONN_SNOWFLAKE_PASSWORD'') }}'
            role: SYSADMIN
            schema: PUBLIC
            type: snowflake
            user: DATANINJA
            warehouse: TRANSFORM
    target: dev

[2024-06-20T07:44:44.588+0000] {local.py:247} INFO - Trying to run the command:
 ['/opt/airflow/dbt_venv/bin/dbt', 'deps', '--project-dir', '/tmp/tmp_ue2f936', '--profiles-dir', '/tmp/tmpijpe47hz', '--profile', 'dbt_project', '--target', 'dev']
From /tmp/tmp_ue2f936
[2024-06-20T07:44:44.591+0000] {subprocess.py:60} INFO - Tmp dir root location: 
 /tmp
[2024-06-20T07:44:44.593+0000] {subprocess.py:73} INFO - Running command: ['/opt/airflow/dbt_venv/bin/dbt', 'deps', '--project-dir', '/tmp/tmp_ue2f936', '--profiles-dir', '/tmp/tmpijpe47hz', '--profile', 'dbt_project', '--target', 'dev']
[2024-06-20T07:44:44.618+0000] {subprocess.py:84} INFO - Command output:
[2024-06-20T07:44:50.084+0000] {subprocess.py:94} INFO - [0m07:44:50  Running with dbt=1.8.2
[2024-06-20T07:44:50.844+0000] {subprocess.py:94} INFO - [0m07:44:50  Updating lock file in file path: /tmp/tmp_ue2f936/package-lock.yml
[2024-06-20T07:44:50.859+0000] {subprocess.py:94} INFO - [0m07:44:50  Installing dbt-labs/dbt_utils
[2024-06-20T07:44:51.464+0000] {subprocess.py:94} INFO - [0m07:44:51  Installed from version 0.8.6
[2024-06-20T07:44:51.465+0000] {subprocess.py:94} INFO - [0m07:44:51  Updated version available: 1.2.0
[2024-06-20T07:44:51.468+0000] {subprocess.py:94} INFO - [0m07:44:51
[2024-06-20T07:44:51.470+0000] {subprocess.py:94} INFO - [0m07:44:51  Updates available for packages: ['dbt-labs/dbt_utils']
[2024-06-20T07:44:51.472+0000] {subprocess.py:94} INFO - Update your versions in packages.yml, then run dbt deps
[2024-06-20T07:44:53.116+0000] {subprocess.py:98} INFO - Command exited with return code 0
[2024-06-20T07:44:53.118+0000] {local.py:254} INFO - Update your versions in packages.yml, then run dbt deps
[2024-06-20T07:44:53.120+0000] {local.py:247} INFO - Trying to run the command:
 ['/opt/airflow/dbt_venv/bin/dbt', 'test', '--models', 'fact_orders', '--project-dir', '/tmp/tmp_ue2f936', '--profiles-dir', '/tmp/tmpijpe47hz', '--profile', 'dbt_project', '--target', 'dev']
From /tmp/tmp_ue2f936
[2024-06-20T07:44:53.122+0000] {subprocess.py:60} INFO - Tmp dir root location: 
 /tmp
[2024-06-20T07:44:53.123+0000] {subprocess.py:73} INFO - Running command: ['/opt/airflow/dbt_venv/bin/dbt', 'test', '--models', 'fact_orders', '--project-dir', '/tmp/tmp_ue2f936', '--profiles-dir', '/tmp/tmpijpe47hz', '--profile', 'dbt_project', '--target', 'dev']
[2024-06-20T07:44:53.147+0000] {subprocess.py:84} INFO - Command output:
[2024-06-20T07:44:58.532+0000] {subprocess.py:94} INFO - [0m07:44:58  Running with dbt=1.8.2
[2024-06-20T07:44:59.795+0000] {subprocess.py:94} INFO - [0m07:44:59  Registered adapter: snowflake=1.8.3
[2024-06-20T07:45:01.858+0000] {subprocess.py:94} INFO - [0m07:45:01  Found 20 models, 32 data tests, 11 sources, 682 macros
[2024-06-20T07:45:01.866+0000] {subprocess.py:94} INFO - [0m07:45:01
[2024-06-20T07:45:07.803+0000] {subprocess.py:94} INFO - [0m07:45:07  Concurrency: 1 threads (target='dev')
[2024-06-20T07:45:07.804+0000] {subprocess.py:94} INFO - [0m07:45:07
[2024-06-20T07:45:07.831+0000] {subprocess.py:94} INFO - [0m07:45:07  1 of 4 START test not_null_fact_orders_EMPLOYEEID .............................. [RUN]
[2024-06-20T07:45:09.755+0000] {subprocess.py:94} INFO - [0m07:45:09  1 of 4 PASS not_null_fact_orders_EMPLOYEEID .................................... [[32mPASS[0m in 1.92s]
[2024-06-20T07:45:09.765+0000] {subprocess.py:94} INFO - [0m07:45:09  2 of 4 START test not_null_fact_orders_ORDERID ................................. [RUN]
[2024-06-20T07:45:11.965+0000] {subprocess.py:94} INFO - [0m07:45:11  2 of 4 PASS not_null_fact_orders_ORDERID ....................................... [[32mPASS[0m in 2.20s]
[2024-06-20T07:45:11.970+0000] {subprocess.py:94} INFO - [0m07:45:11  3 of 4 START test unique_fact_orders_EMPLOYEEID ................................ [RUN]
[2024-06-20T07:45:14.544+0000] {subprocess.py:94} INFO - [0m07:45:14  3 of 4 FAIL 9 unique_fact_orders_EMPLOYEEID .................................... [[31mFAIL 9[0m in 2.56s]
[2024-06-20T07:45:14.565+0000] {subprocess.py:94} INFO - [0m07:45:14  4 of 4 START test unique_fact_orders_ORDERID ................................... [RUN]
[2024-06-20T07:45:16.478+0000] {subprocess.py:94} INFO - [0m07:45:16  4 of 4 PASS unique_fact_orders_ORDERID ......................................... [[32mPASS[0m in 1.91s]
[2024-06-20T07:45:16.504+0000] {subprocess.py:94} INFO - [0m07:45:16
[2024-06-20T07:45:16.512+0000] {subprocess.py:94} INFO - [0m07:45:16  Finished running 4 data tests in 0 hours 0 minutes and 14.63 seconds (14.63s).
[2024-06-20T07:45:16.904+0000] {subprocess.py:94} INFO - [0m07:45:16
[2024-06-20T07:45:16.907+0000] {subprocess.py:94} INFO - [0m07:45:16  [31mCompleted with 1 error and 0 warnings:[0m
[2024-06-20T07:45:16.915+0000] {subprocess.py:94} INFO - [0m07:45:16
[2024-06-20T07:45:16.920+0000] {subprocess.py:94} INFO - [0m07:45:16  [31mFailure in test unique_fact_orders_EMPLOYEEID (models/warehouse/schema.yml)[0m
[2024-06-20T07:45:16.923+0000] {subprocess.py:94} INFO - [0m07:45:16    Got 9 results, configured to fail if != 0
[2024-06-20T07:45:16.928+0000] {subprocess.py:94} INFO - [0m07:45:16
[2024-06-20T07:45:16.932+0000] {subprocess.py:94} INFO - [0m07:45:16    compiled code at target/compiled/dbt_project/models/warehouse/schema.yml/unique_fact_orders_EMPLOYEEID.sql
[2024-06-20T07:45:16.936+0000] {subprocess.py:94} INFO - [0m07:45:16
[2024-06-20T07:45:16.941+0000] {subprocess.py:94} INFO - [0m07:45:16  Done. PASS=3 WARN=0 ERROR=1 SKIP=0 TOTAL=4
[2024-06-20T07:45:18.915+0000] {subprocess.py:98} INFO - Command exited with return code 1
[2024-06-20T07:45:18.917+0000] {local.py:254} INFO - [0m07:45:16  Done. PASS=3 WARN=0 ERROR=1 SKIP=0 TOTAL=4
[2024-06-20T07:45:18.984+0000] {local.py:196} WARNING - Artifact schema version: https://schemas.getdbt.com/dbt/manifest/v12.json is above dbt-ol supported version 7. This might cause errors.
[2024-06-20T07:45:18.985+0000] {local.py:196} WARNING - Artifact schema version: https://schemas.getdbt.com/dbt/run-results/v6.json is above dbt-ol supported version 5. This might cause errors.
[2024-06-20T07:45:18.999+0000] {local.py:349} INFO - Inlets: [Dataset(uri='snowflake://sk84886.europe-west2.gcp/ELT_PROJECT.dwh.fact_orders', extra=None)]
[2024-06-20T07:45:19.001+0000] {local.py:350} INFO - Outlets: []
[2024-06-20T07:45:19.004+0000] {dag.py:3096} INFO - Sync 1 DAGs
[2024-06-20T07:45:19.471+0000] {dag.py:3954} INFO - Setting next_dagrun for ELT-PROJECT to None, run_after=None
[2024-06-20T07:45:19.556+0000] {local.py:184} ERROR - [0m07:44:58  Running with dbt=1.8.2
[0m07:44:59  Registered adapter: snowflake=1.8.3
[0m07:45:01  Found 20 models, 32 data tests, 11 sources, 682 macros
[0m07:45:01
[0m07:45:07  Concurrency: 1 threads (target='dev')
[0m07:45:07
[0m07:45:07  1 of 4 START test not_null_fact_orders_EMPLOYEEID .............................. [RUN]
[0m07:45:09  1 of 4 PASS not_null_fact_orders_EMPLOYEEID .................................... [[32mPASS[0m in 1.92s]
[0m07:45:09  2 of 4 START test not_null_fact_orders_ORDERID ................................. [RUN]
[0m07:45:11  2 of 4 PASS not_null_fact_orders_ORDERID ....................................... [[32mPASS[0m in 2.20s]
[0m07:45:11  3 of 4 START test unique_fact_orders_EMPLOYEEID ................................ [RUN]
[0m07:45:14  3 of 4 FAIL 9 unique_fact_orders_EMPLOYEEID .................................... [[31mFAIL 9[0m in 2.56s]
[0m07:45:14  4 of 4 START test unique_fact_orders_ORDERID ................................... [RUN]
[0m07:45:16  4 of 4 PASS unique_fact_orders_ORDERID ......................................... [[32mPASS[0m in 1.91s]
[0m07:45:16
[0m07:45:16  Finished running 4 data tests in 0 hours 0 minutes and 14.63 seconds (14.63s).
[0m07:45:16
[0m07:45:16  [31mCompleted with 1 error and 0 warnings:[0m
[0m07:45:16
[0m07:45:16  [31mFailure in test unique_fact_orders_EMPLOYEEID (models/warehouse/schema.yml)[0m
[0m07:45:16    Got 9 results, configured to fail if != 0
[0m07:45:16
[0m07:45:16    compiled code at target/compiled/dbt_project/models/warehouse/schema.yml/unique_fact_orders_EMPLOYEEID.sql
[0m07:45:16
[0m07:45:16  Done. PASS=3 WARN=0 ERROR=1 SKIP=0 TOTAL=4
[2024-06-20T07:45:19.589+0000] {taskinstance.py:441} INFO - ::group::Post task execution logs
[2024-06-20T07:45:19.624+0000] {taskinstance.py:2905} ERROR - Task failed with exception
Traceback (most recent call last):
  File "/home/airflow/.local/lib/python3.12/site-packages/airflow/models/taskinstance.py", line 465, in _execute_task
    result = _execute_callable(context=context, **execute_callable_kwargs)
             ^^^^^^^^^^^^^^^^^^^^^^^^^^^^^^^^^^^^^^^^^^^^^^^^^^^^^^^^^^^^^
  File "/home/airflow/.local/lib/python3.12/site-packages/airflow/models/taskinstance.py", line 432, in _execute_callable
    return execute_callable(context=context, **execute_callable_kwargs)
           ^^^^^^^^^^^^^^^^^^^^^^^^^^^^^^^^^^^^^^^^^^^^^^^^^^^^^^^^^^^^
  File "/home/airflow/.local/lib/python3.12/site-packages/airflow/models/baseoperator.py", line 401, in wrapper
    return func(self, *args, **kwargs)
           ^^^^^^^^^^^^^^^^^^^^^^^^^^^
  File "/home/airflow/.local/lib/python3.12/site-packages/cosmos/operators/local.py", line 579, in execute
    result = self.build_and_run_cmd(context=context, cmd_flags=self.add_cmd_flags())
             ^^^^^^^^^^^^^^^^^^^^^^^^^^^^^^^^^^^^^^^^^^^^^^^^^^^^^^^^^^^^^^^^^^^^^^^
  File "/home/airflow/.local/lib/python3.12/site-packages/cosmos/operators/local.py", line 489, in build_and_run_cmd
    result = self.run_command(cmd=dbt_cmd, env=env, context=context)
             ^^^^^^^^^^^^^^^^^^^^^^^^^^^^^^^^^^^^^^^^^^^^^^^^^^^^^^^
  File "/home/airflow/.local/lib/python3.12/site-packages/cosmos/operators/local.py", line 359, in run_command
    self.handle_exception(result)
  File "/home/airflow/.local/lib/python3.12/site-packages/cosmos/operators/local.py", line 185, in handle_exception_subprocess
    raise AirflowException(f"dbt command failed. The command returned a non-zero exit code {result.exit_code}.")
airflow.exceptions.AirflowException: dbt command failed. The command returned a non-zero exit code 1.
[2024-06-20T07:45:19.635+0000] {taskinstance.py:1206} INFO - Marking task as UP_FOR_RETRY. dag_id=ELT-PROJECT, task_id=transform.fact_orders.test, run_id=manual__2024-06-20T07:39:50.213563+00:00, execution_date=20240620T073950, start_date=20240620T074443, end_date=20240620T074519
[2024-06-20T07:45:19.669+0000] {standard_task_runner.py:110} ERROR - Failed to execute job 212 for task transform.fact_orders.test (dbt command failed. The command returned a non-zero exit code 1.; 1866)
[2024-06-20T07:45:19.702+0000] {local_task_job_runner.py:240} INFO - Task exited with return code 1
[2024-06-20T07:45:19.837+0000] {taskinstance.py:3503} INFO - 0 downstream tasks scheduled from follow-on schedule check
[2024-06-20T07:45:19.842+0000] {local_task_job_runner.py:222} INFO - ::endgroup::
