[2024-06-20T07:35:59.613+0000] {local_task_job_runner.py:120} INFO - ::group::Pre task execution logs
[2024-06-20T07:35:59.748+0000] {taskinstance.py:2076} INFO - Dependencies all met for dep_context=non-requeueable deps ti=<TaskInstance: ELT-PROJECT.transform.raw_order_details.run manual__2024-06-20T07:29:25.850609+00:00 [queued]>
[2024-06-20T07:35:59.792+0000] {taskinstance.py:2076} INFO - Dependencies all met for dep_context=requeueable deps ti=<TaskInstance: ELT-PROJECT.transform.raw_order_details.run manual__2024-06-20T07:29:25.850609+00:00 [queued]>
[2024-06-20T07:35:59.793+0000] {taskinstance.py:2306} INFO - Starting attempt 2 of 2
[2024-06-20T07:35:59.863+0000] {taskinstance.py:2330} INFO - Executing <Task(DbtRunLocalOperator): transform.raw_order_details.run> on 2024-06-20 07:29:25.850609+00:00
[2024-06-20T07:35:59.887+0000] {logging_mixin.py:188} WARNING - /home/airflow/.local/lib/python3.12/site-packages/airflow/task/task_runner/standard_task_runner.py:61 DeprecationWarning: This process (pid=961) is multi-threaded, use of fork() may lead to deadlocks in the child.
[2024-06-20T07:35:59.897+0000] {standard_task_runner.py:63} INFO - Started process 981 to run task
[2024-06-20T07:35:59.914+0000] {standard_task_runner.py:90} INFO - Running: ['airflow', 'tasks', 'run', 'ELT-PROJECT', 'transform.raw_order_details.run', 'manual__2024-06-20T07:29:25.850609+00:00', '--job-id', '150', '--raw', '--subdir', 'DAGS_FOLDER/elt.py', '--cfg-path', '/tmp/tmpqqt9k29v']
[2024-06-20T07:35:59.930+0000] {standard_task_runner.py:91} INFO - Job 150: Subtask transform.raw_order_details.run
[2024-06-20T07:36:00.082+0000] {logging_mixin.py:188} WARNING - /home/airflow/.local/lib/python3.12/site-packages/airflow/settings.py:195 DeprecationWarning: The sql_alchemy_conn option in [core] has been moved to the sql_alchemy_conn option in [database] - the old setting has been used, but please update your config.
[2024-06-20T07:36:00.416+0000] {task_command.py:426} INFO - Running <TaskInstance: ELT-PROJECT.transform.raw_order_details.run manual__2024-06-20T07:29:25.850609+00:00 [running]> on host airflow-scheduler
[2024-06-20T07:36:01.096+0000] {taskinstance.py:2648} INFO - Exporting env vars: AIRFLOW_CTX_DAG_OWNER='Data-Ninja' AIRFLOW_CTX_DAG_ID='ELT-PROJECT' AIRFLOW_CTX_TASK_ID='transform.raw_order_details.run' AIRFLOW_CTX_EXECUTION_DATE='2024-06-20T07:29:25.850609+00:00' AIRFLOW_CTX_TRY_NUMBER='2' AIRFLOW_CTX_DAG_RUN_ID='manual__2024-06-20T07:29:25.850609+00:00'
[2024-06-20T07:36:01.129+0000] {taskinstance.py:430} INFO - ::endgroup::
[2024-06-20T07:36:01.254+0000] {local.py:174} INFO - Could not import dbtRunner. Falling back to subprocess for invoking dbt.
[2024-06-20T07:36:01.272+0000] {local.py:292} INFO - Cloning project to writable temp directory /tmp/tmpyg1yhofq from /opt/airflow/dags/dbt/dbt_project
[2024-06-20T07:36:01.288+0000] {local.py:303} INFO - Partial parse is enabled and the latest partial parse file is /tmp/cosmos/ELT-PROJECT__transform/target/partial_parse.msgpack
[2024-06-20T07:36:01.425+0000] {base.py:84} INFO - Using connection ID 'snow_conn' for task execution.
[2024-06-20T07:36:01.445+0000] {crypto.py:82} WARNING - empty cryptography key - values will not be stored encrypted.
[2024-06-20T07:36:01.448+0000] {base.py:225} INFO - Using real values for profile dbt_project
[2024-06-20T07:36:01.459+0000] {config.py:291} INFO - Creating temporary profiles.yml with use_mock_values=False at /tmp/tmpg8l0pebd/profiles.yml with the following contents:
dbt_project:
    outputs:
        dev:
            account: sk84886.europe-west2.gcp
            database: ELT_PROJECT
            password: '{{ env_var(''COSMOS_CONN_SNOWFLAKE_PASSWORD'') }}'
            role: SYSADMIN
            schema: PUBLIC
            type: snowflake
            user: DATANINJA
            warehouse: TRANSFORM
    target: dev

[2024-06-20T07:36:01.464+0000] {local.py:247} INFO - Trying to run the command:
 ['/opt/airflow/dbt_venv/bin/dbt', 'run', '--models', 'raw_order_details', '--project-dir', '/tmp/tmpyg1yhofq', '--profiles-dir', '/tmp/tmpg8l0pebd', '--profile', 'dbt_project', '--target', 'dev']
From /tmp/tmpyg1yhofq
[2024-06-20T07:36:01.472+0000] {subprocess.py:60} INFO - Tmp dir root location: 
 /tmp
[2024-06-20T07:36:01.482+0000] {subprocess.py:73} INFO - Running command: ['/opt/airflow/dbt_venv/bin/dbt', 'run', '--models', 'raw_order_details', '--project-dir', '/tmp/tmpyg1yhofq', '--profiles-dir', '/tmp/tmpg8l0pebd', '--profile', 'dbt_project', '--target', 'dev']
[2024-06-20T07:36:01.543+0000] {subprocess.py:84} INFO - Command output:
[2024-06-20T07:36:13.524+0000] {subprocess.py:94} INFO - [0m07:36:13  Running with dbt=1.8.2
[2024-06-20T07:36:16.163+0000] {subprocess.py:94} INFO - [0m07:36:16  Registered adapter: snowflake=1.8.3
[2024-06-20T07:36:16.206+0000] {subprocess.py:94} INFO - [0m07:36:16  Encountered an error:
[2024-06-20T07:36:16.208+0000] {subprocess.py:94} INFO - Compilation Error
[2024-06-20T07:36:16.210+0000] {subprocess.py:94} INFO -   dbt found 1 package(s) specified in packages.yml, but only 0 package(s) installed in dbt_packages. Run "dbt deps" to install package dependencies.
[2024-06-20T07:36:18.210+0000] {subprocess.py:98} INFO - Command exited with return code 2
[2024-06-20T07:36:18.213+0000] {local.py:254} INFO -   dbt found 1 package(s) specified in packages.yml, but only 0 package(s) installed in dbt_packages. Run "dbt deps" to install package dependencies.
[2024-06-20T07:36:19.044+0000] {local.py:196} WARNING - Artifact schema version: https://schemas.getdbt.com/dbt/manifest/v12.json is above dbt-ol supported version 7. This might cause errors.
[2024-06-20T07:36:19.054+0000] {local.py:349} INFO - Inlets: []
[2024-06-20T07:36:19.063+0000] {local.py:350} INFO - Outlets: []
[2024-06-20T07:36:19.070+0000] {dag.py:3096} INFO - Sync 1 DAGs
[2024-06-20T07:36:19.159+0000] {dag.py:3954} INFO - Setting next_dagrun for ELT-PROJECT to None, run_after=None
[2024-06-20T07:36:19.315+0000] {local.py:184} ERROR - [0m07:36:13  Running with dbt=1.8.2
[0m07:36:16  Registered adapter: snowflake=1.8.3
[0m07:36:16  Encountered an error:
Compilation Error
  dbt found 1 package(s) specified in packages.yml, but only 0 package(s) installed in dbt_packages. Run "dbt deps" to install package dependencies.
[2024-06-20T07:36:19.326+0000] {taskinstance.py:441} INFO - ::group::Post task execution logs
[2024-06-20T07:36:19.392+0000] {taskinstance.py:2905} ERROR - Task failed with exception
Traceback (most recent call last):
  File "/home/airflow/.local/lib/python3.12/site-packages/airflow/models/taskinstance.py", line 465, in _execute_task
    result = _execute_callable(context=context, **execute_callable_kwargs)
             ^^^^^^^^^^^^^^^^^^^^^^^^^^^^^^^^^^^^^^^^^^^^^^^^^^^^^^^^^^^^^
  File "/home/airflow/.local/lib/python3.12/site-packages/airflow/models/taskinstance.py", line 432, in _execute_callable
    return execute_callable(context=context, **execute_callable_kwargs)
           ^^^^^^^^^^^^^^^^^^^^^^^^^^^^^^^^^^^^^^^^^^^^^^^^^^^^^^^^^^^^
  File "/home/airflow/.local/lib/python3.12/site-packages/airflow/models/baseoperator.py", line 401, in wrapper
    return func(self, *args, **kwargs)
           ^^^^^^^^^^^^^^^^^^^^^^^^^^^
  File "/home/airflow/.local/lib/python3.12/site-packages/cosmos/operators/base.py", line 264, in execute
    self.build_and_run_cmd(context=context, cmd_flags=self.add_cmd_flags())
  File "/home/airflow/.local/lib/python3.12/site-packages/cosmos/operators/local.py", line 489, in build_and_run_cmd
    result = self.run_command(cmd=dbt_cmd, env=env, context=context)
             ^^^^^^^^^^^^^^^^^^^^^^^^^^^^^^^^^^^^^^^^^^^^^^^^^^^^^^^
  File "/home/airflow/.local/lib/python3.12/site-packages/cosmos/operators/local.py", line 359, in run_command
    self.handle_exception(result)
  File "/home/airflow/.local/lib/python3.12/site-packages/cosmos/operators/local.py", line 185, in handle_exception_subprocess
    raise AirflowException(f"dbt command failed. The command returned a non-zero exit code {result.exit_code}.")
airflow.exceptions.AirflowException: dbt command failed. The command returned a non-zero exit code 2.
[2024-06-20T07:36:19.469+0000] {taskinstance.py:225} INFO - Setting task transform.raw_categories.test to SKIPPED due to dag's `fail_stop` setting.
[2024-06-20T07:36:19.471+0000] {taskinstance.py:225} INFO - Setting task transform.raw_customers.test to SKIPPED due to dag's `fail_stop` setting.
[2024-06-20T07:36:19.476+0000] {taskinstance.py:225} INFO - Setting task transform.raw_employees.test to SKIPPED due to dag's `fail_stop` setting.
[2024-06-20T07:36:19.481+0000] {taskinstance.py:225} INFO - Setting task transform.raw_orders.test to SKIPPED due to dag's `fail_stop` setting.
[2024-06-20T07:36:19.483+0000] {taskinstance.py:225} INFO - Setting task transform.raw_order_details.test to SKIPPED due to dag's `fail_stop` setting.
[2024-06-20T07:36:19.485+0000] {taskinstance.py:225} INFO - Setting task transform.raw_products.test to SKIPPED due to dag's `fail_stop` setting.
[2024-06-20T07:36:19.527+0000] {taskinstance.py:225} INFO - Setting task transform.raw_regions.test to SKIPPED due to dag's `fail_stop` setting.
[2024-06-20T07:36:19.528+0000] {taskinstance.py:225} INFO - Setting task transform.raw_shippers.test to SKIPPED due to dag's `fail_stop` setting.
[2024-06-20T07:36:19.530+0000] {taskinstance.py:225} INFO - Setting task transform.raw_suppliers.test to SKIPPED due to dag's `fail_stop` setting.
[2024-06-20T07:36:19.531+0000] {taskinstance.py:225} INFO - Setting task transform.raw_territories.test to SKIPPED due to dag's `fail_stop` setting.
[2024-06-20T07:36:19.532+0000] {taskinstance.py:225} INFO - Setting task transform.dim_employees.run to SKIPPED due to dag's `fail_stop` setting.
[2024-06-20T07:36:19.535+0000] {taskinstance.py:225} INFO - Setting task transform.dim_employees.test to SKIPPED due to dag's `fail_stop` setting.
[2024-06-20T07:36:19.538+0000] {taskinstance.py:225} INFO - Setting task transform.dim_categories.run to SKIPPED due to dag's `fail_stop` setting.
[2024-06-20T07:36:19.540+0000] {taskinstance.py:225} INFO - Setting task transform.dim_categories.test to SKIPPED due to dag's `fail_stop` setting.
[2024-06-20T07:36:19.543+0000] {taskinstance.py:225} INFO - Setting task transform.dim_suppliers.run to SKIPPED due to dag's `fail_stop` setting.
[2024-06-20T07:36:19.546+0000] {taskinstance.py:225} INFO - Setting task transform.dim_suppliers.test to SKIPPED due to dag's `fail_stop` setting.
[2024-06-20T07:36:19.548+0000] {taskinstance.py:225} INFO - Setting task transform.dim_products.run to SKIPPED due to dag's `fail_stop` setting.
[2024-06-20T07:36:19.554+0000] {taskinstance.py:225} INFO - Setting task transform.dim_products.test to SKIPPED due to dag's `fail_stop` setting.
[2024-06-20T07:36:19.556+0000] {taskinstance.py:225} INFO - Setting task transform.fact_orders.run to SKIPPED due to dag's `fail_stop` setting.
[2024-06-20T07:36:19.559+0000] {taskinstance.py:225} INFO - Setting task transform.fact_orders.test to SKIPPED due to dag's `fail_stop` setting.
[2024-06-20T07:36:19.567+0000] {taskinstance.py:225} INFO - Setting task transform.fact_order_details.run to SKIPPED due to dag's `fail_stop` setting.
[2024-06-20T07:36:19.569+0000] {taskinstance.py:225} INFO - Setting task transform.fact_order_details.test to SKIPPED due to dag's `fail_stop` setting.
[2024-06-20T07:36:19.572+0000] {taskinstance.py:225} INFO - Setting task transform.gross_revenue_run to SKIPPED due to dag's `fail_stop` setting.
[2024-06-20T07:36:19.578+0000] {taskinstance.py:225} INFO - Setting task transform.best_employee_run to SKIPPED due to dag's `fail_stop` setting.
[2024-06-20T07:36:19.581+0000] {taskinstance.py:225} INFO - Setting task transform.popular_product_categories_run to SKIPPED due to dag's `fail_stop` setting.
[2024-06-20T07:36:19.591+0000] {taskinstance.py:222} INFO - Forcing task transform.raw_products.run to fail due to dag's `fail_stop` setting
[2024-06-20T07:36:19.593+0000] {taskinstance.py:1774} ERROR - Recording the task instance as FAILED
[2024-06-20T07:36:20.644+0000] {standard_task_runner.py:110} ERROR - Failed to execute job 150 for task transform.raw_order_details.run ((psycopg2.errors.DeadlockDetected) deadlock detected
DETAIL:  Process 1996 waits for ShareLock on transaction 21659; blocked by process 2005.
Process 2005 waits for ShareLock on transaction 21651; blocked by process 1996.
HINT:  See server log for query details.
CONTEXT:  while updating tuple (5,1) in relation "task_instance"

[SQL: UPDATE task_instance SET start_date=%(start_date)s, end_date=%(end_date)s, duration=%(duration)s, state=%(state)s, updated_at=%(updated_at)s WHERE task_instance.dag_id = %(task_instance_dag_id)s AND task_instance.task_id = %(task_instance_task_id)s AND task_instance.run_id = %(task_instance_run_id)s AND task_instance.map_index = %(task_instance_map_index)s]
[parameters: ({'start_date': datetime.datetime(2024, 6, 20, 7, 36, 19, 581256, tzinfo=Timezone('UTC')), 'end_date': datetime.datetime(2024, 6, 20, 7, 36, 19, 581256, tzinfo=Timezone('UTC')), 'duration': 0.0, 'state': <TaskInstanceState.SKIPPED: 'skipped'>, 'updated_at': datetime.datetime(2024, 6, 20, 7, 36, 19, 634810, tzinfo=Timezone('UTC')), 'task_instance_dag_id': 'ELT-PROJECT', 'task_instance_task_id': 'transform.best_employee_run', 'task_instance_run_id': 'manual__2024-06-20T07:29:25.850609+00:00', 'task_instance_map_index': -1}, {'start_date': datetime.datetime(2024, 6, 20, 7, 36, 19, 540663, tzinfo=Timezone('UTC')), 'end_date': datetime.datetime(2024, 6, 20, 7, 36, 19, 540663, tzinfo=Timezone('UTC')), 'duration': 0.0, 'state': <TaskInstanceState.SKIPPED: 'skipped'>, 'updated_at': datetime.datetime(2024, 6, 20, 7, 36, 19, 634829, tzinfo=Timezone('UTC')), 'task_instance_dag_id': 'ELT-PROJECT', 'task_instance_task_id': 'transform.dim_categories.run', 'task_instance_run_id': 'manual__2024-06-20T07:29:25.850609+00:00', 'task_instance_map_index': -1}, {'start_date': datetime.datetime(2024, 6, 20, 7, 36, 19, 543532, tzinfo=Timezone('UTC')), 'end_date': datetime.datetime(2024, 6, 20, 7, 36, 19, 543532, tzinfo=Timezone('UTC')), 'duration': 0.0, 'state': <TaskInstanceState.SKIPPED: 'skipped'>, 'updated_at': datetime.datetime(2024, 6, 20, 7, 36, 19, 634837, tzinfo=Timezone('UTC')), 'task_instance_dag_id': 'ELT-PROJECT', 'task_instance_task_id': 'transform.dim_categories.test', 'task_instance_run_id': 'manual__2024-06-20T07:29:25.850609+00:00', 'task_instance_map_index': -1}, {'start_date': datetime.datetime(2024, 6, 20, 7, 36, 19, 535124, tzinfo=Timezone('UTC')), 'end_date': datetime.datetime(2024, 6, 20, 7, 36, 19, 535124, tzinfo=Timezone('UTC')), 'duration': 0.0, 'state': <TaskInstanceState.SKIPPED: 'skipped'>, 'updated_at': datetime.datetime(2024, 6, 20, 7, 36, 19, 634843, tzinfo=Timezone('UTC')), 'task_instance_dag_id': 'ELT-PROJECT', 'task_instance_task_id': 'transform.dim_employees.run', 'task_instance_run_id': 'manual__2024-06-20T07:29:25.850609+00:00', 'task_instance_map_index': -1}, {'start_date': datetime.datetime(2024, 6, 20, 7, 36, 19, 538750, tzinfo=Timezone('UTC')), 'end_date': datetime.datetime(2024, 6, 20, 7, 36, 19, 538750, tzinfo=Timezone('UTC')), 'duration': 0.0, 'state': <TaskInstanceState.SKIPPED: 'skipped'>, 'updated_at': datetime.datetime(2024, 6, 20, 7, 36, 19, 634847, tzinfo=Timezone('UTC')), 'task_instance_dag_id': 'ELT-PROJECT', 'task_instance_task_id': 'transform.dim_employees.test', 'task_instance_run_id': 'manual__2024-06-20T07:29:25.850609+00:00', 'task_instance_map_index': -1}, {'start_date': datetime.datetime(2024, 6, 20, 7, 36, 19, 554527, tzinfo=Timezone('UTC')), 'end_date': datetime.datetime(2024, 6, 20, 7, 36, 19, 554527, tzinfo=Timezone('UTC')), 'duration': 0.0, 'state': <TaskInstanceState.SKIPPED: 'skipped'>, 'updated_at': datetime.datetime(2024, 6, 20, 7, 36, 19, 634852, tzinfo=Timezone('UTC')), 'task_instance_dag_id': 'ELT-PROJECT', 'task_instance_task_id': 'transform.dim_products.run', 'task_instance_run_id': 'manual__2024-06-20T07:29:25.850609+00:00', 'task_instance_map_index': -1}, {'start_date': datetime.datetime(2024, 6, 20, 7, 36, 19, 556682, tzinfo=Timezone('UTC')), 'end_date': datetime.datetime(2024, 6, 20, 7, 36, 19, 556682, tzinfo=Timezone('UTC')), 'duration': 0.0, 'state': <TaskInstanceState.SKIPPED: 'skipped'>, 'updated_at': datetime.datetime(2024, 6, 20, 7, 36, 19, 634856, tzinfo=Timezone('UTC')), 'task_instance_dag_id': 'ELT-PROJECT', 'task_instance_task_id': 'transform.dim_products.test', 'task_instance_run_id': 'manual__2024-06-20T07:29:25.850609+00:00', 'task_instance_map_index': -1}, {'start_date': datetime.datetime(2024, 6, 20, 7, 36, 19, 546633, tzinfo=Timezone('UTC')), 'end_date': datetime.datetime(2024, 6, 20, 7, 36, 19, 546633, tzinfo=Timezone('UTC')), 'duration': 0.0, 'state': <TaskInstanceState.SKIPPED: 'skipped'>, 'updated_at': datetime.datetime(2024, 6, 20, 7, 36, 19, 634861, tzinfo=Timezone('UTC')), 'task_instance_dag_id': 'ELT-PROJECT', 'task_instance_task_id': 'transform.dim_suppliers.run', 'task_instance_run_id': 'manual__2024-06-20T07:29:25.850609+00:00', 'task_instance_map_index': -1}  ... displaying 10 of 17 total bound parameter sets ...  {'start_date': datetime.datetime(2024, 6, 20, 7, 36, 19, 484895, tzinfo=Timezone('UTC')), 'end_date': datetime.datetime(2024, 6, 20, 7, 36, 19, 484895, tzinfo=Timezone('UTC')), 'duration': 0.0, 'state': <TaskInstanceState.SKIPPED: 'skipped'>, 'updated_at': datetime.datetime(2024, 6, 20, 7, 36, 19, 634893, tzinfo=Timezone('UTC')), 'task_instance_dag_id': 'ELT-PROJECT', 'task_instance_task_id': 'transform.raw_order_details.test', 'task_instance_run_id': 'manual__2024-06-20T07:29:25.850609+00:00', 'task_instance_map_index': -1}, {'start_date': datetime.datetime(2024, 6, 20, 7, 36, 19, 482996, tzinfo=Timezone('UTC')), 'end_date': datetime.datetime(2024, 6, 20, 7, 36, 19, 482996, tzinfo=Timezone('UTC')), 'duration': 0.0, 'state': <TaskInstanceState.SKIPPED: 'skipped'>, 'updated_at': datetime.datetime(2024, 6, 20, 7, 36, 19, 634897, tzinfo=Timezone('UTC')), 'task_instance_dag_id': 'ELT-PROJECT', 'task_instance_task_id': 'transform.raw_orders.test', 'task_instance_run_id': 'manual__2024-06-20T07:29:25.850609+00:00', 'task_instance_map_index': -1})]
(Background on this error at: https://sqlalche.me/e/14/e3q8); 981)
[2024-06-20T07:36:20.685+0000] {local_task_job_runner.py:240} INFO - Task exited with return code 1
[2024-06-20T07:36:20.717+0000] {local_task_job_runner.py:222} INFO - ::endgroup::
