[2024-06-20T07:35:59.573+0000] {local_task_job_runner.py:120} INFO - ::group::Pre task execution logs
[2024-06-20T07:35:59.716+0000] {taskinstance.py:2076} INFO - Dependencies all met for dep_context=non-requeueable deps ti=<TaskInstance: ELT-PROJECT.transform.raw_orders.run manual__2024-06-20T07:29:25.850609+00:00 [queued]>
[2024-06-20T07:35:59.796+0000] {taskinstance.py:2076} INFO - Dependencies all met for dep_context=requeueable deps ti=<TaskInstance: ELT-PROJECT.transform.raw_orders.run manual__2024-06-20T07:29:25.850609+00:00 [queued]>
[2024-06-20T07:35:59.809+0000] {taskinstance.py:2306} INFO - Starting attempt 2 of 2
[2024-06-20T07:35:59.890+0000] {taskinstance.py:2330} INFO - Executing <Task(DbtRunLocalOperator): transform.raw_orders.run> on 2024-06-20 07:29:25.850609+00:00
[2024-06-20T07:35:59.938+0000] {logging_mixin.py:188} WARNING - /home/airflow/.local/lib/python3.12/site-packages/airflow/task/task_runner/standard_task_runner.py:61 DeprecationWarning: This process (pid=960) is multi-threaded, use of fork() may lead to deadlocks in the child.
[2024-06-20T07:35:59.941+0000] {standard_task_runner.py:63} INFO - Started process 982 to run task
[2024-06-20T07:35:59.931+0000] {standard_task_runner.py:90} INFO - Running: ['airflow', 'tasks', 'run', 'ELT-PROJECT', 'transform.raw_orders.run', 'manual__2024-06-20T07:29:25.850609+00:00', '--job-id', '149', '--raw', '--subdir', 'DAGS_FOLDER/elt.py', '--cfg-path', '/tmp/tmpiv9kkfc1']
[2024-06-20T07:35:59.975+0000] {standard_task_runner.py:91} INFO - Job 149: Subtask transform.raw_orders.run
[2024-06-20T07:36:00.049+0000] {logging_mixin.py:188} WARNING - /home/airflow/.local/lib/python3.12/site-packages/airflow/settings.py:195 DeprecationWarning: The sql_alchemy_conn option in [core] has been moved to the sql_alchemy_conn option in [database] - the old setting has been used, but please update your config.
[2024-06-20T07:36:00.345+0000] {task_command.py:426} INFO - Running <TaskInstance: ELT-PROJECT.transform.raw_orders.run manual__2024-06-20T07:29:25.850609+00:00 [running]> on host airflow-scheduler
[2024-06-20T07:36:01.134+0000] {taskinstance.py:2648} INFO - Exporting env vars: AIRFLOW_CTX_DAG_OWNER='Data-Ninja' AIRFLOW_CTX_DAG_ID='ELT-PROJECT' AIRFLOW_CTX_TASK_ID='transform.raw_orders.run' AIRFLOW_CTX_EXECUTION_DATE='2024-06-20T07:29:25.850609+00:00' AIRFLOW_CTX_TRY_NUMBER='2' AIRFLOW_CTX_DAG_RUN_ID='manual__2024-06-20T07:29:25.850609+00:00'
[2024-06-20T07:36:01.150+0000] {taskinstance.py:430} INFO - ::endgroup::
[2024-06-20T07:36:01.224+0000] {local.py:174} INFO - Could not import dbtRunner. Falling back to subprocess for invoking dbt.
[2024-06-20T07:36:01.240+0000] {local.py:292} INFO - Cloning project to writable temp directory /tmp/tmpvgoz511s from /opt/airflow/dags/dbt/dbt_project
[2024-06-20T07:36:01.263+0000] {local.py:303} INFO - Partial parse is enabled and the latest partial parse file is /tmp/cosmos/ELT-PROJECT__transform/target/partial_parse.msgpack
[2024-06-20T07:36:01.495+0000] {base.py:84} INFO - Using connection ID 'snow_conn' for task execution.
[2024-06-20T07:36:01.508+0000] {crypto.py:82} WARNING - empty cryptography key - values will not be stored encrypted.
[2024-06-20T07:36:01.528+0000] {base.py:225} INFO - Using real values for profile dbt_project
[2024-06-20T07:36:01.569+0000] {config.py:291} INFO - Creating temporary profiles.yml with use_mock_values=False at /tmp/tmpanrjicub/profiles.yml with the following contents:
dbt_project:
    outputs:
        dev:
            account: sk84886.europe-west2.gcp
            database: ELT_PROJECT
            password: '{{ env_var(''COSMOS_CONN_SNOWFLAKE_PASSWORD'') }}'
            role: SYSADMIN
            schema: PUBLIC
            type: snowflake
            user: DATANINJA
            warehouse: TRANSFORM
    target: dev

[2024-06-20T07:36:01.580+0000] {local.py:247} INFO - Trying to run the command:
 ['/opt/airflow/dbt_venv/bin/dbt', 'run', '--models', 'raw_orders', '--project-dir', '/tmp/tmpvgoz511s', '--profiles-dir', '/tmp/tmpanrjicub', '--profile', 'dbt_project', '--target', 'dev']
From /tmp/tmpvgoz511s
[2024-06-20T07:36:01.586+0000] {subprocess.py:60} INFO - Tmp dir root location: 
 /tmp
[2024-06-20T07:36:01.593+0000] {subprocess.py:73} INFO - Running command: ['/opt/airflow/dbt_venv/bin/dbt', 'run', '--models', 'raw_orders', '--project-dir', '/tmp/tmpvgoz511s', '--profiles-dir', '/tmp/tmpanrjicub', '--profile', 'dbt_project', '--target', 'dev']
[2024-06-20T07:36:01.668+0000] {subprocess.py:84} INFO - Command output:
[2024-06-20T07:36:13.115+0000] {subprocess.py:94} INFO - [0m07:36:13  Running with dbt=1.8.2
[2024-06-20T07:36:15.286+0000] {subprocess.py:94} INFO - [0m07:36:15  Registered adapter: snowflake=1.8.3
[2024-06-20T07:36:15.304+0000] {subprocess.py:94} INFO - [0m07:36:15  Encountered an error:
[2024-06-20T07:36:15.309+0000] {subprocess.py:94} INFO - Compilation Error
[2024-06-20T07:36:15.311+0000] {subprocess.py:94} INFO -   dbt found 1 package(s) specified in packages.yml, but only 0 package(s) installed in dbt_packages. Run "dbt deps" to install package dependencies.
[2024-06-20T07:36:17.450+0000] {subprocess.py:98} INFO - Command exited with return code 2
[2024-06-20T07:36:17.452+0000] {local.py:254} INFO -   dbt found 1 package(s) specified in packages.yml, but only 0 package(s) installed in dbt_packages. Run "dbt deps" to install package dependencies.
[2024-06-20T07:36:18.285+0000] {local.py:196} WARNING - Artifact schema version: https://schemas.getdbt.com/dbt/manifest/v12.json is above dbt-ol supported version 7. This might cause errors.
[2024-06-20T07:36:18.298+0000] {local.py:349} INFO - Inlets: []
[2024-06-20T07:36:18.312+0000] {local.py:350} INFO - Outlets: []
[2024-06-20T07:36:18.316+0000] {dag.py:3096} INFO - Sync 1 DAGs
[2024-06-20T07:36:18.471+0000] {dag.py:3954} INFO - Setting next_dagrun for ELT-PROJECT to None, run_after=None
[2024-06-20T07:36:18.638+0000] {local.py:184} ERROR - [0m07:36:13  Running with dbt=1.8.2
[0m07:36:15  Registered adapter: snowflake=1.8.3
[0m07:36:15  Encountered an error:
Compilation Error
  dbt found 1 package(s) specified in packages.yml, but only 0 package(s) installed in dbt_packages. Run "dbt deps" to install package dependencies.
[2024-06-20T07:36:18.644+0000] {taskinstance.py:441} INFO - ::group::Post task execution logs
[2024-06-20T07:36:18.712+0000] {taskinstance.py:2905} ERROR - Task failed with exception
Traceback (most recent call last):
  File "/home/airflow/.local/lib/python3.12/site-packages/airflow/models/taskinstance.py", line 465, in _execute_task
    result = _execute_callable(context=context, **execute_callable_kwargs)
             ^^^^^^^^^^^^^^^^^^^^^^^^^^^^^^^^^^^^^^^^^^^^^^^^^^^^^^^^^^^^^
  File "/home/airflow/.local/lib/python3.12/site-packages/airflow/models/taskinstance.py", line 432, in _execute_callable
    return execute_callable(context=context, **execute_callable_kwargs)
           ^^^^^^^^^^^^^^^^^^^^^^^^^^^^^^^^^^^^^^^^^^^^^^^^^^^^^^^^^^^^
  File "/home/airflow/.local/lib/python3.12/site-packages/airflow/models/baseoperator.py", line 401, in wrapper
    return func(self, *args, **kwargs)
           ^^^^^^^^^^^^^^^^^^^^^^^^^^^
  File "/home/airflow/.local/lib/python3.12/site-packages/cosmos/operators/base.py", line 264, in execute
    self.build_and_run_cmd(context=context, cmd_flags=self.add_cmd_flags())
  File "/home/airflow/.local/lib/python3.12/site-packages/cosmos/operators/local.py", line 489, in build_and_run_cmd
    result = self.run_command(cmd=dbt_cmd, env=env, context=context)
             ^^^^^^^^^^^^^^^^^^^^^^^^^^^^^^^^^^^^^^^^^^^^^^^^^^^^^^^
  File "/home/airflow/.local/lib/python3.12/site-packages/cosmos/operators/local.py", line 359, in run_command
    self.handle_exception(result)
  File "/home/airflow/.local/lib/python3.12/site-packages/cosmos/operators/local.py", line 185, in handle_exception_subprocess
    raise AirflowException(f"dbt command failed. The command returned a non-zero exit code {result.exit_code}.")
airflow.exceptions.AirflowException: dbt command failed. The command returned a non-zero exit code 2.
[2024-06-20T07:36:18.769+0000] {taskinstance.py:222} INFO - Forcing task transform.raw_regions.run to fail due to dag's `fail_stop` setting
[2024-06-20T07:36:18.786+0000] {taskinstance.py:1774} ERROR - Recording the task instance as FAILED
[2024-06-20T07:36:18.840+0000] {taskinstance.py:222} INFO - Forcing task transform.raw_shippers.run to fail due to dag's `fail_stop` setting
[2024-06-20T07:36:18.842+0000] {taskinstance.py:1774} ERROR - Recording the task instance as FAILED
[2024-06-20T07:36:18.937+0000] {taskinstance.py:222} INFO - Forcing task transform.raw_suppliers.run to fail due to dag's `fail_stop` setting
[2024-06-20T07:36:18.938+0000] {taskinstance.py:1774} ERROR - Recording the task instance as FAILED
[2024-06-20T07:36:19.003+0000] {taskinstance.py:222} INFO - Forcing task transform.raw_territories.run to fail due to dag's `fail_stop` setting
[2024-06-20T07:36:19.005+0000] {taskinstance.py:1774} ERROR - Recording the task instance as FAILED
[2024-06-20T07:36:19.066+0000] {taskinstance.py:225} INFO - Setting task transform.raw_categories.test to SKIPPED due to dag's `fail_stop` setting.
[2024-06-20T07:36:19.069+0000] {taskinstance.py:225} INFO - Setting task transform.raw_customers.test to SKIPPED due to dag's `fail_stop` setting.
[2024-06-20T07:36:19.072+0000] {taskinstance.py:225} INFO - Setting task transform.raw_employees.test to SKIPPED due to dag's `fail_stop` setting.
[2024-06-20T07:36:19.077+0000] {taskinstance.py:222} INFO - Forcing task transform.raw_employees.run to fail due to dag's `fail_stop` setting
[2024-06-20T07:36:19.080+0000] {taskinstance.py:1774} ERROR - Recording the task instance as FAILED
[2024-06-20T07:36:19.133+0000] {taskinstance.py:222} INFO - Forcing task transform.raw_categories.run to fail due to dag's `fail_stop` setting
[2024-06-20T07:36:19.135+0000] {taskinstance.py:1774} ERROR - Recording the task instance as FAILED
[2024-06-20T07:36:19.199+0000] {taskinstance.py:222} INFO - Forcing task transform.raw_customers.run to fail due to dag's `fail_stop` setting
[2024-06-20T07:36:19.206+0000] {taskinstance.py:1774} ERROR - Recording the task instance as FAILED
[2024-06-20T07:36:19.267+0000] {taskinstance.py:222} INFO - Forcing task transform.raw_employee_territories_run to fail due to dag's `fail_stop` setting
[2024-06-20T07:36:19.272+0000] {taskinstance.py:1774} ERROR - Recording the task instance as FAILED
[2024-06-20T07:36:19.366+0000] {taskinstance.py:225} INFO - Setting task transform.raw_orders.test to SKIPPED due to dag's `fail_stop` setting.
[2024-06-20T07:36:19.371+0000] {taskinstance.py:225} INFO - Setting task transform.raw_order_details.test to SKIPPED due to dag's `fail_stop` setting.
[2024-06-20T07:36:19.373+0000] {taskinstance.py:225} INFO - Setting task transform.raw_products.test to SKIPPED due to dag's `fail_stop` setting.
[2024-06-20T07:36:19.374+0000] {taskinstance.py:225} INFO - Setting task transform.raw_regions.test to SKIPPED due to dag's `fail_stop` setting.
[2024-06-20T07:36:19.376+0000] {taskinstance.py:225} INFO - Setting task transform.raw_shippers.test to SKIPPED due to dag's `fail_stop` setting.
[2024-06-20T07:36:19.377+0000] {taskinstance.py:225} INFO - Setting task transform.raw_suppliers.test to SKIPPED due to dag's `fail_stop` setting.
[2024-06-20T07:36:19.379+0000] {taskinstance.py:225} INFO - Setting task transform.raw_territories.test to SKIPPED due to dag's `fail_stop` setting.
[2024-06-20T07:36:19.380+0000] {taskinstance.py:225} INFO - Setting task transform.dim_employees.run to SKIPPED due to dag's `fail_stop` setting.
[2024-06-20T07:36:19.382+0000] {taskinstance.py:225} INFO - Setting task transform.dim_employees.test to SKIPPED due to dag's `fail_stop` setting.
[2024-06-20T07:36:19.384+0000] {taskinstance.py:225} INFO - Setting task transform.dim_categories.run to SKIPPED due to dag's `fail_stop` setting.
[2024-06-20T07:36:19.385+0000] {taskinstance.py:225} INFO - Setting task transform.dim_categories.test to SKIPPED due to dag's `fail_stop` setting.
[2024-06-20T07:36:19.391+0000] {taskinstance.py:225} INFO - Setting task transform.dim_suppliers.run to SKIPPED due to dag's `fail_stop` setting.
[2024-06-20T07:36:19.393+0000] {taskinstance.py:225} INFO - Setting task transform.dim_suppliers.test to SKIPPED due to dag's `fail_stop` setting.
[2024-06-20T07:36:19.396+0000] {taskinstance.py:225} INFO - Setting task transform.dim_products.run to SKIPPED due to dag's `fail_stop` setting.
[2024-06-20T07:36:19.401+0000] {taskinstance.py:225} INFO - Setting task transform.dim_products.test to SKIPPED due to dag's `fail_stop` setting.
[2024-06-20T07:36:19.405+0000] {taskinstance.py:225} INFO - Setting task transform.fact_orders.run to SKIPPED due to dag's `fail_stop` setting.
[2024-06-20T07:36:19.407+0000] {taskinstance.py:225} INFO - Setting task transform.fact_orders.test to SKIPPED due to dag's `fail_stop` setting.
[2024-06-20T07:36:19.408+0000] {taskinstance.py:225} INFO - Setting task transform.fact_order_details.run to SKIPPED due to dag's `fail_stop` setting.
[2024-06-20T07:36:19.426+0000] {taskinstance.py:225} INFO - Setting task transform.fact_order_details.test to SKIPPED due to dag's `fail_stop` setting.
[2024-06-20T07:36:19.428+0000] {taskinstance.py:225} INFO - Setting task transform.gross_revenue_run to SKIPPED due to dag's `fail_stop` setting.
[2024-06-20T07:36:19.429+0000] {taskinstance.py:225} INFO - Setting task transform.best_employee_run to SKIPPED due to dag's `fail_stop` setting.
[2024-06-20T07:36:19.430+0000] {taskinstance.py:225} INFO - Setting task transform.popular_product_categories_run to SKIPPED due to dag's `fail_stop` setting.
[2024-06-20T07:36:19.432+0000] {taskinstance.py:222} INFO - Forcing task transform.raw_products.run to fail due to dag's `fail_stop` setting
[2024-06-20T07:36:19.434+0000] {taskinstance.py:1774} ERROR - Recording the task instance as FAILED
[2024-06-20T07:36:19.546+0000] {taskinstance.py:222} INFO - Forcing task transform.raw_order_details.run to fail due to dag's `fail_stop` setting
[2024-06-20T07:36:19.551+0000] {taskinstance.py:1774} ERROR - Recording the task instance as FAILED
[2024-06-20T07:36:20.613+0000] {standard_task_runner.py:110} ERROR - Failed to execute job 149 for task transform.raw_orders.run ((psycopg2.errors.DeadlockDetected) deadlock detected
DETAIL:  Process 2006 waits for ShareLock on transaction 21651; blocked by process 1996.
Process 1996 waits for ShareLock on transaction 21659; blocked by process 2005.
Process 2005 waits for ExclusiveLock on tuple (16,56) of relation 16764 of database 16384; blocked by process 2006.
HINT:  See server log for query details.
CONTEXT:  while updating tuple (16,56) in relation "task_instance"

[SQL: UPDATE task_instance SET state=%(state)s, updated_at=%(updated_at)s WHERE task_instance.dag_id = %(task_instance_dag_id)s AND task_instance.task_id = %(task_instance_task_id)s AND task_instance.run_id = %(task_instance_run_id)s AND task_instance.map_index = %(task_instance_map_index)s]
[parameters: {'state': <TaskInstanceState.FAILED: 'failed'>, 'updated_at': datetime.datetime(2024, 6, 20, 7, 36, 19, 588912, tzinfo=Timezone('UTC')), 'task_instance_dag_id': 'ELT-PROJECT', 'task_instance_task_id': 'transform.raw_order_details.run', 'task_instance_run_id': 'manual__2024-06-20T07:29:25.850609+00:00', 'task_instance_map_index': -1}]
(Background on this error at: https://sqlalche.me/e/14/e3q8); 982)
[2024-06-20T07:36:20.664+0000] {local_task_job_runner.py:240} INFO - Task exited with return code 1
[2024-06-20T07:36:20.783+0000] {taskinstance.py:3503} INFO - 0 downstream tasks scheduled from follow-on schedule check
[2024-06-20T07:36:20.787+0000] {local_task_job_runner.py:222} INFO - ::endgroup::
