[2024-06-20T07:35:10.521+0000] {local_task_job_runner.py:120} INFO - ::group::Pre task execution logs
[2024-06-20T07:35:10.630+0000] {taskinstance.py:2076} INFO - Dependencies all met for dep_context=non-requeueable deps ti=<TaskInstance: ELT-PROJECT.transform.raw_employees.run manual__2024-06-20T07:09:38.899967+00:00 [queued]>
[2024-06-20T07:35:10.676+0000] {taskinstance.py:2076} INFO - Dependencies all met for dep_context=requeueable deps ti=<TaskInstance: ELT-PROJECT.transform.raw_employees.run manual__2024-06-20T07:09:38.899967+00:00 [queued]>
[2024-06-20T07:35:10.684+0000] {taskinstance.py:2306} INFO - Starting attempt 2 of 2
[2024-06-20T07:35:10.769+0000] {taskinstance.py:2330} INFO - Executing <Task(DbtRunLocalOperator): transform.raw_employees.run> on 2024-06-20 07:09:38.899967+00:00
[2024-06-20T07:35:10.791+0000] {standard_task_runner.py:90} INFO - Running: ['airflow', 'tasks', 'run', 'ELT-PROJECT', 'transform.raw_employees.run', 'manual__2024-06-20T07:09:38.899967+00:00', '--job-id', '143', '--raw', '--subdir', 'DAGS_FOLDER/elt.py', '--cfg-path', '/tmp/tmpyr71rm6_']
[2024-06-20T07:35:10.805+0000] {logging_mixin.py:188} WARNING - /home/airflow/.local/lib/python3.12/site-packages/airflow/task/task_runner/standard_task_runner.py:61 DeprecationWarning: This process (pid=901) is multi-threaded, use of fork() may lead to deadlocks in the child.
[2024-06-20T07:35:10.808+0000] {standard_task_runner.py:91} INFO - Job 143: Subtask transform.raw_employees.run
[2024-06-20T07:35:10.810+0000] {standard_task_runner.py:63} INFO - Started process 917 to run task
[2024-06-20T07:35:10.899+0000] {logging_mixin.py:188} WARNING - /home/airflow/.local/lib/python3.12/site-packages/airflow/settings.py:195 DeprecationWarning: The sql_alchemy_conn option in [core] has been moved to the sql_alchemy_conn option in [database] - the old setting has been used, but please update your config.
[2024-06-20T07:35:11.084+0000] {task_command.py:426} INFO - Running <TaskInstance: ELT-PROJECT.transform.raw_employees.run manual__2024-06-20T07:09:38.899967+00:00 [running]> on host airflow-scheduler
[2024-06-20T07:35:11.526+0000] {taskinstance.py:2648} INFO - Exporting env vars: AIRFLOW_CTX_DAG_OWNER='Data-Ninja' AIRFLOW_CTX_DAG_ID='ELT-PROJECT' AIRFLOW_CTX_TASK_ID='transform.raw_employees.run' AIRFLOW_CTX_EXECUTION_DATE='2024-06-20T07:09:38.899967+00:00' AIRFLOW_CTX_TRY_NUMBER='2' AIRFLOW_CTX_DAG_RUN_ID='manual__2024-06-20T07:09:38.899967+00:00'
[2024-06-20T07:35:11.529+0000] {taskinstance.py:430} INFO - ::endgroup::
[2024-06-20T07:35:11.558+0000] {local.py:174} INFO - Could not import dbtRunner. Falling back to subprocess for invoking dbt.
[2024-06-20T07:35:11.564+0000] {local.py:292} INFO - Cloning project to writable temp directory /tmp/tmp67xv_j85 from /opt/airflow/dags/dbt/dbt_project
[2024-06-20T07:35:11.585+0000] {local.py:303} INFO - Partial parse is enabled and the latest partial parse file is /tmp/cosmos/ELT-PROJECT__transform/target/partial_parse.msgpack
[2024-06-20T07:35:11.673+0000] {base.py:84} INFO - Using connection ID 'snow_conn' for task execution.
[2024-06-20T07:35:11.675+0000] {crypto.py:82} WARNING - empty cryptography key - values will not be stored encrypted.
[2024-06-20T07:35:11.679+0000] {base.py:225} INFO - Using real values for profile dbt_project
[2024-06-20T07:35:11.689+0000] {config.py:291} INFO - Creating temporary profiles.yml with use_mock_values=False at /tmp/tmpz45r9ltp/profiles.yml with the following contents:
dbt_project:
    outputs:
        dev:
            account: sk84886.europe-west2.gcp
            database: ELT_PROJECT
            password: '{{ env_var(''COSMOS_CONN_SNOWFLAKE_PASSWORD'') }}'
            role: SYSADMIN
            schema: PUBLIC
            type: snowflake
            user: DATANINJA
            warehouse: TRANSFORM
    target: dev

[2024-06-20T07:35:11.691+0000] {local.py:247} INFO - Trying to run the command:
 ['/opt/airflow/dbt_venv/bin/dbt', 'run', '--models', 'raw_employees', '--project-dir', '/tmp/tmp67xv_j85', '--profiles-dir', '/tmp/tmpz45r9ltp', '--profile', 'dbt_project', '--target', 'dev']
From /tmp/tmp67xv_j85
[2024-06-20T07:35:11.694+0000] {subprocess.py:60} INFO - Tmp dir root location: 
 /tmp
[2024-06-20T07:35:11.696+0000] {subprocess.py:73} INFO - Running command: ['/opt/airflow/dbt_venv/bin/dbt', 'run', '--models', 'raw_employees', '--project-dir', '/tmp/tmp67xv_j85', '--profiles-dir', '/tmp/tmpz45r9ltp', '--profile', 'dbt_project', '--target', 'dev']
[2024-06-20T07:35:11.735+0000] {subprocess.py:84} INFO - Command output:
[2024-06-20T07:35:17.447+0000] {subprocess.py:94} INFO - [0m07:35:17  Running with dbt=1.8.2
[2024-06-20T07:35:18.709+0000] {subprocess.py:94} INFO - [0m07:35:18  Registered adapter: snowflake=1.8.3
[2024-06-20T07:35:18.722+0000] {subprocess.py:94} INFO - [0m07:35:18  Encountered an error:
[2024-06-20T07:35:18.724+0000] {subprocess.py:94} INFO - Compilation Error
[2024-06-20T07:35:18.727+0000] {subprocess.py:94} INFO -   dbt found 1 package(s) specified in packages.yml, but only 0 package(s) installed in dbt_packages. Run "dbt deps" to install package dependencies.
[2024-06-20T07:35:21.040+0000] {subprocess.py:98} INFO - Command exited with return code 2
[2024-06-20T07:35:21.042+0000] {local.py:254} INFO -   dbt found 1 package(s) specified in packages.yml, but only 0 package(s) installed in dbt_packages. Run "dbt deps" to install package dependencies.
[2024-06-20T07:35:21.584+0000] {local.py:196} WARNING - Artifact schema version: https://schemas.getdbt.com/dbt/manifest/v12.json is above dbt-ol supported version 7. This might cause errors.
[2024-06-20T07:35:21.590+0000] {local.py:349} INFO - Inlets: []
[2024-06-20T07:35:21.593+0000] {local.py:350} INFO - Outlets: []
[2024-06-20T07:35:21.596+0000] {dag.py:3096} INFO - Sync 1 DAGs
[2024-06-20T07:35:21.753+0000] {dag.py:3954} INFO - Setting next_dagrun for ELT-PROJECT to None, run_after=None
[2024-06-20T07:35:21.836+0000] {local.py:184} ERROR - [0m07:35:17  Running with dbt=1.8.2
[0m07:35:18  Registered adapter: snowflake=1.8.3
[0m07:35:18  Encountered an error:
Compilation Error
  dbt found 1 package(s) specified in packages.yml, but only 0 package(s) installed in dbt_packages. Run "dbt deps" to install package dependencies.
[2024-06-20T07:35:21.844+0000] {taskinstance.py:441} INFO - ::group::Post task execution logs
[2024-06-20T07:35:21.876+0000] {taskinstance.py:2905} ERROR - Task failed with exception
Traceback (most recent call last):
  File "/home/airflow/.local/lib/python3.12/site-packages/airflow/models/taskinstance.py", line 465, in _execute_task
    result = _execute_callable(context=context, **execute_callable_kwargs)
             ^^^^^^^^^^^^^^^^^^^^^^^^^^^^^^^^^^^^^^^^^^^^^^^^^^^^^^^^^^^^^
  File "/home/airflow/.local/lib/python3.12/site-packages/airflow/models/taskinstance.py", line 432, in _execute_callable
    return execute_callable(context=context, **execute_callable_kwargs)
           ^^^^^^^^^^^^^^^^^^^^^^^^^^^^^^^^^^^^^^^^^^^^^^^^^^^^^^^^^^^^
  File "/home/airflow/.local/lib/python3.12/site-packages/airflow/models/baseoperator.py", line 401, in wrapper
    return func(self, *args, **kwargs)
           ^^^^^^^^^^^^^^^^^^^^^^^^^^^
  File "/home/airflow/.local/lib/python3.12/site-packages/cosmos/operators/base.py", line 264, in execute
    self.build_and_run_cmd(context=context, cmd_flags=self.add_cmd_flags())
  File "/home/airflow/.local/lib/python3.12/site-packages/cosmos/operators/local.py", line 489, in build_and_run_cmd
    result = self.run_command(cmd=dbt_cmd, env=env, context=context)
             ^^^^^^^^^^^^^^^^^^^^^^^^^^^^^^^^^^^^^^^^^^^^^^^^^^^^^^^
  File "/home/airflow/.local/lib/python3.12/site-packages/cosmos/operators/local.py", line 359, in run_command
    self.handle_exception(result)
  File "/home/airflow/.local/lib/python3.12/site-packages/cosmos/operators/local.py", line 185, in handle_exception_subprocess
    raise AirflowException(f"dbt command failed. The command returned a non-zero exit code {result.exit_code}.")
airflow.exceptions.AirflowException: dbt command failed. The command returned a non-zero exit code 2.
[2024-06-20T07:35:21.912+0000] {taskinstance.py:225} INFO - Setting task transform.best_employee_run to SKIPPED due to dag's `fail_stop` setting.
[2024-06-20T07:35:21.914+0000] {taskinstance.py:225} INFO - Setting task transform.dim_categories.run to SKIPPED due to dag's `fail_stop` setting.
[2024-06-20T07:35:21.916+0000] {taskinstance.py:225} INFO - Setting task transform.dim_categories.test to SKIPPED due to dag's `fail_stop` setting.
[2024-06-20T07:35:21.917+0000] {taskinstance.py:225} INFO - Setting task transform.dim_employees.run to SKIPPED due to dag's `fail_stop` setting.
[2024-06-20T07:35:21.918+0000] {taskinstance.py:225} INFO - Setting task transform.dim_employees.test to SKIPPED due to dag's `fail_stop` setting.
[2024-06-20T07:35:21.920+0000] {taskinstance.py:225} INFO - Setting task transform.dim_products.run to SKIPPED due to dag's `fail_stop` setting.
[2024-06-20T07:35:21.921+0000] {taskinstance.py:225} INFO - Setting task transform.dim_products.test to SKIPPED due to dag's `fail_stop` setting.
[2024-06-20T07:35:21.923+0000] {taskinstance.py:225} INFO - Setting task transform.dim_suppliers.run to SKIPPED due to dag's `fail_stop` setting.
[2024-06-20T07:35:21.924+0000] {taskinstance.py:225} INFO - Setting task transform.dim_suppliers.test to SKIPPED due to dag's `fail_stop` setting.
[2024-06-20T07:35:21.926+0000] {taskinstance.py:225} INFO - Setting task transform.fact_order_details.run to SKIPPED due to dag's `fail_stop` setting.
[2024-06-20T07:35:21.927+0000] {taskinstance.py:225} INFO - Setting task transform.fact_order_details.test to SKIPPED due to dag's `fail_stop` setting.
[2024-06-20T07:35:21.928+0000] {taskinstance.py:225} INFO - Setting task transform.fact_orders.run to SKIPPED due to dag's `fail_stop` setting.
[2024-06-20T07:35:21.930+0000] {taskinstance.py:225} INFO - Setting task transform.fact_orders.test to SKIPPED due to dag's `fail_stop` setting.
[2024-06-20T07:35:21.933+0000] {taskinstance.py:225} INFO - Setting task transform.gross_revenue_run to SKIPPED due to dag's `fail_stop` setting.
[2024-06-20T07:35:21.936+0000] {taskinstance.py:225} INFO - Setting task transform.popular_product_categories_run to SKIPPED due to dag's `fail_stop` setting.
[2024-06-20T07:35:21.938+0000] {taskinstance.py:225} INFO - Setting task transform.raw_categories.test to SKIPPED due to dag's `fail_stop` setting.
[2024-06-20T07:35:21.940+0000] {taskinstance.py:225} INFO - Setting task transform.raw_customers.test to SKIPPED due to dag's `fail_stop` setting.
[2024-06-20T07:35:21.942+0000] {taskinstance.py:225} INFO - Setting task transform.raw_employees.test to SKIPPED due to dag's `fail_stop` setting.
[2024-06-20T07:35:21.944+0000] {taskinstance.py:225} INFO - Setting task transform.raw_order_details.test to SKIPPED due to dag's `fail_stop` setting.
[2024-06-20T07:35:21.945+0000] {taskinstance.py:225} INFO - Setting task transform.raw_orders.test to SKIPPED due to dag's `fail_stop` setting.
[2024-06-20T07:35:21.947+0000] {taskinstance.py:225} INFO - Setting task transform.raw_products.test to SKIPPED due to dag's `fail_stop` setting.
[2024-06-20T07:35:21.948+0000] {taskinstance.py:225} INFO - Setting task transform.raw_regions.test to SKIPPED due to dag's `fail_stop` setting.
[2024-06-20T07:35:21.949+0000] {taskinstance.py:225} INFO - Setting task transform.raw_shippers.test to SKIPPED due to dag's `fail_stop` setting.
[2024-06-20T07:35:21.950+0000] {taskinstance.py:225} INFO - Setting task transform.raw_suppliers.test to SKIPPED due to dag's `fail_stop` setting.
[2024-06-20T07:35:21.952+0000] {taskinstance.py:225} INFO - Setting task transform.raw_territories.test to SKIPPED due to dag's `fail_stop` setting.
[2024-06-20T07:35:21.954+0000] {taskinstance.py:225} INFO - Setting task transform.raw_territories.run to SKIPPED due to dag's `fail_stop` setting.
[2024-06-20T07:35:21.961+0000] {taskinstance.py:225} INFO - Setting task transform.raw_shippers.run to SKIPPED due to dag's `fail_stop` setting.
[2024-06-20T07:35:21.962+0000] {taskinstance.py:222} INFO - Forcing task transform.raw_suppliers.run to fail due to dag's `fail_stop` setting
[2024-06-20T07:35:21.963+0000] {taskinstance.py:1774} ERROR - Recording the task instance as FAILED
[2024-06-20T07:35:22.041+0000] {taskinstance.py:225} INFO - Setting task transform.raw_employee_territories_run to SKIPPED due to dag's `fail_stop` setting.
[2024-06-20T07:35:22.042+0000] {taskinstance.py:225} INFO - Setting task transform.raw_customers.run to SKIPPED due to dag's `fail_stop` setting.
[2024-06-20T07:35:22.044+0000] {taskinstance.py:222} INFO - Forcing task transform.raw_categories.run to fail due to dag's `fail_stop` setting
[2024-06-20T07:35:22.045+0000] {taskinstance.py:1774} ERROR - Recording the task instance as FAILED
[2024-06-20T07:35:22.095+0000] {taskinstance.py:225} INFO - Setting task transform.raw_regions.run to SKIPPED due to dag's `fail_stop` setting.
[2024-06-20T07:35:22.096+0000] {taskinstance.py:222} INFO - Forcing task transform.raw_orders.run to fail due to dag's `fail_stop` setting
[2024-06-20T07:35:22.097+0000] {taskinstance.py:1774} ERROR - Recording the task instance as FAILED
[2024-06-20T07:35:22.140+0000] {taskinstance.py:222} INFO - Forcing task transform.raw_products.run to fail due to dag's `fail_stop` setting
[2024-06-20T07:35:22.142+0000] {taskinstance.py:1774} ERROR - Recording the task instance as FAILED
[2024-06-20T07:35:22.184+0000] {taskinstance.py:222} INFO - Forcing task transform.raw_order_details.run to fail due to dag's `fail_stop` setting
[2024-06-20T07:35:22.185+0000] {taskinstance.py:1774} ERROR - Recording the task instance as FAILED
[2024-06-20T07:35:22.219+0000] {taskinstance.py:1206} INFO - Marking task as FAILED. dag_id=ELT-PROJECT, task_id=transform.raw_employees.run, run_id=manual__2024-06-20T07:09:38.899967+00:00, execution_date=20240620T070938, start_date=20240620T073510, end_date=20240620T073521
[2024-06-20T07:35:22.269+0000] {standard_task_runner.py:110} ERROR - Failed to execute job 143 for task transform.raw_employees.run (dbt command failed. The command returned a non-zero exit code 2.; 917)
[2024-06-20T07:35:22.304+0000] {local_task_job_runner.py:240} INFO - Task exited with return code 1
[2024-06-20T07:35:22.337+0000] {local_task_job_runner.py:222} INFO - ::endgroup::
