[2024-06-20T07:48:01.370+0000] {local_task_job_runner.py:120} INFO - ::group::Pre task execution logs
[2024-06-20T07:48:01.426+0000] {taskinstance.py:2076} INFO - Dependencies all met for dep_context=non-requeueable deps ti=<TaskInstance: ELT-PROJECT.transform.raw_order_details.test manual__2024-06-20T07:39:50.213563+00:00 [queued]>
[2024-06-20T07:48:01.457+0000] {taskinstance.py:2076} INFO - Dependencies all met for dep_context=requeueable deps ti=<TaskInstance: ELT-PROJECT.transform.raw_order_details.test manual__2024-06-20T07:39:50.213563+00:00 [queued]>
[2024-06-20T07:48:01.458+0000] {taskinstance.py:2306} INFO - Starting attempt 2 of 2
[2024-06-20T07:48:01.489+0000] {taskinstance.py:2330} INFO - Executing <Task(DbtTestLocalOperator): transform.raw_order_details.test> on 2024-06-20 07:39:50.213563+00:00
[2024-06-20T07:48:01.506+0000] {logging_mixin.py:188} WARNING - /home/airflow/.local/lib/python3.12/site-packages/airflow/task/task_runner/standard_task_runner.py:61 DeprecationWarning: This process (pid=1964) is multi-threaded, use of fork() may lead to deadlocks in the child.
[2024-06-20T07:48:01.509+0000] {standard_task_runner.py:63} INFO - Started process 1966 to run task
[2024-06-20T07:48:01.506+0000] {standard_task_runner.py:90} INFO - Running: ['airflow', 'tasks', 'run', 'ELT-PROJECT', 'transform.raw_order_details.test', 'manual__2024-06-20T07:39:50.213563+00:00', '--job-id', '214', '--raw', '--subdir', 'DAGS_FOLDER/elt.py', '--cfg-path', '/tmp/tmp20zveyd5']
[2024-06-20T07:48:01.511+0000] {standard_task_runner.py:91} INFO - Job 214: Subtask transform.raw_order_details.test
[2024-06-20T07:48:01.549+0000] {logging_mixin.py:188} WARNING - /home/airflow/.local/lib/python3.12/site-packages/airflow/settings.py:195 DeprecationWarning: The sql_alchemy_conn option in [core] has been moved to the sql_alchemy_conn option in [database] - the old setting has been used, but please update your config.
[2024-06-20T07:48:01.636+0000] {task_command.py:426} INFO - Running <TaskInstance: ELT-PROJECT.transform.raw_order_details.test manual__2024-06-20T07:39:50.213563+00:00 [running]> on host airflow-scheduler
[2024-06-20T07:48:01.881+0000] {taskinstance.py:2648} INFO - Exporting env vars: AIRFLOW_CTX_DAG_OWNER='Data-Ninja' AIRFLOW_CTX_DAG_ID='ELT-PROJECT' AIRFLOW_CTX_TASK_ID='transform.raw_order_details.test' AIRFLOW_CTX_EXECUTION_DATE='2024-06-20T07:39:50.213563+00:00' AIRFLOW_CTX_TRY_NUMBER='2' AIRFLOW_CTX_DAG_RUN_ID='manual__2024-06-20T07:39:50.213563+00:00'
[2024-06-20T07:48:01.887+0000] {taskinstance.py:430} INFO - ::endgroup::
[2024-06-20T07:48:01.939+0000] {local.py:174} INFO - Could not import dbtRunner. Falling back to subprocess for invoking dbt.
[2024-06-20T07:48:01.944+0000] {local.py:292} INFO - Cloning project to writable temp directory /tmp/tmpqsucp4eo from /opt/airflow/dags/dbt/dbt_project
[2024-06-20T07:48:01.975+0000] {local.py:303} INFO - Partial parse is enabled and the latest partial parse file is /tmp/cosmos/ELT-PROJECT__transform/target/partial_parse.msgpack
[2024-06-20T07:48:02.090+0000] {base.py:84} INFO - Using connection ID 'snow_conn' for task execution.
[2024-06-20T07:48:02.093+0000] {crypto.py:82} WARNING - empty cryptography key - values will not be stored encrypted.
[2024-06-20T07:48:02.100+0000] {base.py:225} INFO - Using real values for profile dbt_project
[2024-06-20T07:48:02.117+0000] {config.py:291} INFO - Creating temporary profiles.yml with use_mock_values=False at /tmp/tmpq2p0m62d/profiles.yml with the following contents:
dbt_project:
    outputs:
        dev:
            account: sk84886.europe-west2.gcp
            database: ELT_PROJECT
            password: '{{ env_var(''COSMOS_CONN_SNOWFLAKE_PASSWORD'') }}'
            role: SYSADMIN
            schema: PUBLIC
            type: snowflake
            user: DATANINJA
            warehouse: TRANSFORM
    target: dev

[2024-06-20T07:48:02.124+0000] {local.py:247} INFO - Trying to run the command:
 ['/opt/airflow/dbt_venv/bin/dbt', 'deps', '--project-dir', '/tmp/tmpqsucp4eo', '--profiles-dir', '/tmp/tmpq2p0m62d', '--profile', 'dbt_project', '--target', 'dev']
From /tmp/tmpqsucp4eo
[2024-06-20T07:48:02.128+0000] {subprocess.py:60} INFO - Tmp dir root location: 
 /tmp
[2024-06-20T07:48:02.132+0000] {subprocess.py:73} INFO - Running command: ['/opt/airflow/dbt_venv/bin/dbt', 'deps', '--project-dir', '/tmp/tmpqsucp4eo', '--profiles-dir', '/tmp/tmpq2p0m62d', '--profile', 'dbt_project', '--target', 'dev']
[2024-06-20T07:48:02.173+0000] {subprocess.py:84} INFO - Command output:
[2024-06-20T07:48:08.866+0000] {subprocess.py:94} INFO - [0m07:48:08  Running with dbt=1.8.2
[2024-06-20T07:48:09.952+0000] {subprocess.py:94} INFO - [0m07:48:09  Updating lock file in file path: /tmp/tmpqsucp4eo/package-lock.yml
[2024-06-20T07:48:09.994+0000] {subprocess.py:94} INFO - [0m07:48:09  Installing dbt-labs/dbt_utils
[2024-06-20T07:48:10.747+0000] {subprocess.py:94} INFO - [0m07:48:10  Installed from version 0.8.6
[2024-06-20T07:48:10.749+0000] {subprocess.py:94} INFO - [0m07:48:10  Updated version available: 1.2.0
[2024-06-20T07:48:10.752+0000] {subprocess.py:94} INFO - [0m07:48:10
[2024-06-20T07:48:10.754+0000] {subprocess.py:94} INFO - [0m07:48:10  Updates available for packages: ['dbt-labs/dbt_utils']
[2024-06-20T07:48:10.756+0000] {subprocess.py:94} INFO - Update your versions in packages.yml, then run dbt deps
[2024-06-20T07:48:12.524+0000] {subprocess.py:98} INFO - Command exited with return code 0
[2024-06-20T07:48:12.525+0000] {local.py:254} INFO - Update your versions in packages.yml, then run dbt deps
[2024-06-20T07:48:12.527+0000] {local.py:247} INFO - Trying to run the command:
 ['/opt/airflow/dbt_venv/bin/dbt', 'test', '--models', 'raw_order_details', '--project-dir', '/tmp/tmpqsucp4eo', '--profiles-dir', '/tmp/tmpq2p0m62d', '--profile', 'dbt_project', '--target', 'dev']
From /tmp/tmpqsucp4eo
[2024-06-20T07:48:12.529+0000] {subprocess.py:60} INFO - Tmp dir root location: 
 /tmp
[2024-06-20T07:48:12.530+0000] {subprocess.py:73} INFO - Running command: ['/opt/airflow/dbt_venv/bin/dbt', 'test', '--models', 'raw_order_details', '--project-dir', '/tmp/tmpqsucp4eo', '--profiles-dir', '/tmp/tmpq2p0m62d', '--profile', 'dbt_project', '--target', 'dev']
[2024-06-20T07:48:12.550+0000] {subprocess.py:84} INFO - Command output:
[2024-06-20T07:48:17.462+0000] {subprocess.py:94} INFO - [0m07:48:17  Running with dbt=1.8.2
[2024-06-20T07:48:18.886+0000] {subprocess.py:94} INFO - [0m07:48:18  Registered adapter: snowflake=1.8.3
[2024-06-20T07:48:22.672+0000] {subprocess.py:94} INFO - [0m07:48:22  Found 20 models, 32 data tests, 11 sources, 682 macros
[2024-06-20T07:48:22.692+0000] {subprocess.py:94} INFO - [0m07:48:22
[2024-06-20T07:48:29.091+0000] {subprocess.py:94} INFO - [0m07:48:29  Concurrency: 1 threads (target='dev')
[2024-06-20T07:48:29.093+0000] {subprocess.py:94} INFO - [0m07:48:29
[2024-06-20T07:48:29.114+0000] {subprocess.py:94} INFO - [0m07:48:29  1 of 3 START test not_null_raw_order_details_ORDERDETAILID ..................... [RUN]
[2024-06-20T07:48:31.182+0000] {subprocess.py:94} INFO - [0m07:48:31  1 of 3 ERROR not_null_raw_order_details_ORDERDETAILID .......................... [[31mERROR[0m in 2.06s]
[2024-06-20T07:48:31.197+0000] {subprocess.py:94} INFO - [0m07:48:31  2 of 3 START test not_null_raw_order_details_ORDERID ........................... [RUN]
[2024-06-20T07:48:33.183+0000] {subprocess.py:94} INFO - [0m07:48:33  2 of 3 PASS not_null_raw_order_details_ORDERID ................................. [[32mPASS[0m in 1.98s]
[2024-06-20T07:48:33.191+0000] {subprocess.py:94} INFO - [0m07:48:33  3 of 3 START test not_null_raw_order_details_PRODUCTID ......................... [RUN]
[2024-06-20T07:48:35.001+0000] {subprocess.py:94} INFO - [0m07:48:35  3 of 3 PASS not_null_raw_order_details_PRODUCTID ............................... [[32mPASS[0m in 1.81s]
[2024-06-20T07:48:35.024+0000] {subprocess.py:94} INFO - [0m07:48:35
[2024-06-20T07:48:35.029+0000] {subprocess.py:94} INFO - [0m07:48:35  Finished running 3 data tests in 0 hours 0 minutes and 12.33 seconds (12.33s).
[2024-06-20T07:48:35.456+0000] {subprocess.py:94} INFO - [0m07:48:35
[2024-06-20T07:48:35.458+0000] {subprocess.py:94} INFO - [0m07:48:35  [31mCompleted with 1 error and 0 warnings:[0m
[2024-06-20T07:48:35.460+0000] {subprocess.py:94} INFO - [0m07:48:35
[2024-06-20T07:48:35.463+0000] {subprocess.py:94} INFO - [0m07:48:35    Database Error in test not_null_raw_order_details_ORDERDETAILID (models/staging/schema.yml)
[2024-06-20T07:48:35.465+0000] {subprocess.py:94} INFO -   000904 (42000): SQL compilation error: error line 12 at position 7
[2024-06-20T07:48:35.466+0000] {subprocess.py:94} INFO -   invalid identifier 'ORDERDETAILID'
[2024-06-20T07:48:35.469+0000] {subprocess.py:94} INFO -   compiled Code at target/run/dbt_project/models/staging/schema.yml/not_null_raw_order_details_ORDERDETAILID.sql
[2024-06-20T07:48:35.470+0000] {subprocess.py:94} INFO - [0m07:48:35
[2024-06-20T07:48:35.473+0000] {subprocess.py:94} INFO - [0m07:48:35  Done. PASS=2 WARN=0 ERROR=1 SKIP=0 TOTAL=3
[2024-06-20T07:48:37.485+0000] {subprocess.py:98} INFO - Command exited with return code 1
[2024-06-20T07:48:37.487+0000] {local.py:254} INFO - [0m07:48:35  Done. PASS=2 WARN=0 ERROR=1 SKIP=0 TOTAL=3
[2024-06-20T07:48:37.881+0000] {local.py:196} WARNING - Artifact schema version: https://schemas.getdbt.com/dbt/manifest/v12.json is above dbt-ol supported version 7. This might cause errors.
[2024-06-20T07:48:37.883+0000] {local.py:196} WARNING - Artifact schema version: https://schemas.getdbt.com/dbt/run-results/v6.json is above dbt-ol supported version 5. This might cause errors.
[2024-06-20T07:48:37.899+0000] {local.py:349} INFO - Inlets: [Dataset(uri='snowflake://sk84886.europe-west2.gcp/ELT_PROJECT.raw.raw_order_details', extra=None)]
[2024-06-20T07:48:37.901+0000] {local.py:350} INFO - Outlets: []
[2024-06-20T07:48:37.902+0000] {dag.py:3096} INFO - Sync 1 DAGs
[2024-06-20T07:48:37.943+0000] {dag.py:3954} INFO - Setting next_dagrun for ELT-PROJECT to None, run_after=None
[2024-06-20T07:48:38.001+0000] {local.py:184} ERROR - [0m07:48:17  Running with dbt=1.8.2
[0m07:48:18  Registered adapter: snowflake=1.8.3
[0m07:48:22  Found 20 models, 32 data tests, 11 sources, 682 macros
[0m07:48:22
[0m07:48:29  Concurrency: 1 threads (target='dev')
[0m07:48:29
[0m07:48:29  1 of 3 START test not_null_raw_order_details_ORDERDETAILID ..................... [RUN]
[0m07:48:31  1 of 3 ERROR not_null_raw_order_details_ORDERDETAILID .......................... [[31mERROR[0m in 2.06s]
[0m07:48:31  2 of 3 START test not_null_raw_order_details_ORDERID ........................... [RUN]
[0m07:48:33  2 of 3 PASS not_null_raw_order_details_ORDERID ................................. [[32mPASS[0m in 1.98s]
[0m07:48:33  3 of 3 START test not_null_raw_order_details_PRODUCTID ......................... [RUN]
[0m07:48:35  3 of 3 PASS not_null_raw_order_details_PRODUCTID ............................... [[32mPASS[0m in 1.81s]
[0m07:48:35
[0m07:48:35  Finished running 3 data tests in 0 hours 0 minutes and 12.33 seconds (12.33s).
[0m07:48:35
[0m07:48:35  [31mCompleted with 1 error and 0 warnings:[0m
[0m07:48:35
[0m07:48:35    Database Error in test not_null_raw_order_details_ORDERDETAILID (models/staging/schema.yml)
  000904 (42000): SQL compilation error: error line 12 at position 7
  invalid identifier 'ORDERDETAILID'
  compiled Code at target/run/dbt_project/models/staging/schema.yml/not_null_raw_order_details_ORDERDETAILID.sql
[0m07:48:35
[0m07:48:35  Done. PASS=2 WARN=0 ERROR=1 SKIP=0 TOTAL=3
[2024-06-20T07:48:38.033+0000] {taskinstance.py:441} INFO - ::group::Post task execution logs
[2024-06-20T07:48:38.059+0000] {taskinstance.py:2905} ERROR - Task failed with exception
Traceback (most recent call last):
  File "/home/airflow/.local/lib/python3.12/site-packages/airflow/models/taskinstance.py", line 465, in _execute_task
    result = _execute_callable(context=context, **execute_callable_kwargs)
             ^^^^^^^^^^^^^^^^^^^^^^^^^^^^^^^^^^^^^^^^^^^^^^^^^^^^^^^^^^^^^
  File "/home/airflow/.local/lib/python3.12/site-packages/airflow/models/taskinstance.py", line 432, in _execute_callable
    return execute_callable(context=context, **execute_callable_kwargs)
           ^^^^^^^^^^^^^^^^^^^^^^^^^^^^^^^^^^^^^^^^^^^^^^^^^^^^^^^^^^^^
  File "/home/airflow/.local/lib/python3.12/site-packages/airflow/models/baseoperator.py", line 401, in wrapper
    return func(self, *args, **kwargs)
           ^^^^^^^^^^^^^^^^^^^^^^^^^^^
  File "/home/airflow/.local/lib/python3.12/site-packages/cosmos/operators/local.py", line 579, in execute
    result = self.build_and_run_cmd(context=context, cmd_flags=self.add_cmd_flags())
             ^^^^^^^^^^^^^^^^^^^^^^^^^^^^^^^^^^^^^^^^^^^^^^^^^^^^^^^^^^^^^^^^^^^^^^^
  File "/home/airflow/.local/lib/python3.12/site-packages/cosmos/operators/local.py", line 489, in build_and_run_cmd
    result = self.run_command(cmd=dbt_cmd, env=env, context=context)
             ^^^^^^^^^^^^^^^^^^^^^^^^^^^^^^^^^^^^^^^^^^^^^^^^^^^^^^^
  File "/home/airflow/.local/lib/python3.12/site-packages/cosmos/operators/local.py", line 359, in run_command
    self.handle_exception(result)
  File "/home/airflow/.local/lib/python3.12/site-packages/cosmos/operators/local.py", line 185, in handle_exception_subprocess
    raise AirflowException(f"dbt command failed. The command returned a non-zero exit code {result.exit_code}.")
airflow.exceptions.AirflowException: dbt command failed. The command returned a non-zero exit code 1.
[2024-06-20T07:48:38.083+0000] {taskinstance.py:225} INFO - Setting task transform.fact_order_details.run to SKIPPED due to dag's `fail_stop` setting.
[2024-06-20T07:48:38.085+0000] {taskinstance.py:225} INFO - Setting task transform.fact_order_details.test to SKIPPED due to dag's `fail_stop` setting.
[2024-06-20T07:48:38.086+0000] {taskinstance.py:225} INFO - Setting task transform.gross_revenue_run to SKIPPED due to dag's `fail_stop` setting.
[2024-06-20T07:48:38.087+0000] {taskinstance.py:225} INFO - Setting task transform.fact_orders.test to SKIPPED due to dag's `fail_stop` setting.
[2024-06-20T07:48:38.089+0000] {taskinstance.py:225} INFO - Setting task transform.best_employee_run to SKIPPED due to dag's `fail_stop` setting.
[2024-06-20T07:48:38.090+0000] {taskinstance.py:225} INFO - Setting task transform.popular_product_categories_run to SKIPPED due to dag's `fail_stop` setting.
[2024-06-20T07:48:38.091+0000] {taskinstance.py:1206} INFO - Marking task as FAILED. dag_id=ELT-PROJECT, task_id=transform.raw_order_details.test, run_id=manual__2024-06-20T07:39:50.213563+00:00, execution_date=20240620T073950, start_date=20240620T074801, end_date=20240620T074838
[2024-06-20T07:48:38.127+0000] {standard_task_runner.py:110} ERROR - Failed to execute job 214 for task transform.raw_order_details.test (dbt command failed. The command returned a non-zero exit code 1.; 1966)
[2024-06-20T07:48:38.164+0000] {local_task_job_runner.py:240} INFO - Task exited with return code 1
[2024-06-20T07:48:38.192+0000] {local_task_job_runner.py:222} INFO - ::endgroup::
