[2024-06-20T07:35:10.671+0000] {local_task_job_runner.py:120} INFO - ::group::Pre task execution logs
[2024-06-20T07:35:10.833+0000] {taskinstance.py:2076} INFO - Dependencies all met for dep_context=non-requeueable deps ti=<TaskInstance: ELT-PROJECT.transform.raw_products.run manual__2024-06-20T07:09:38.899967+00:00 [queued]>
[2024-06-20T07:35:10.910+0000] {taskinstance.py:2076} INFO - Dependencies all met for dep_context=requeueable deps ti=<TaskInstance: ELT-PROJECT.transform.raw_products.run manual__2024-06-20T07:09:38.899967+00:00 [queued]>
[2024-06-20T07:35:10.912+0000] {taskinstance.py:2306} INFO - Starting attempt 2 of 2
[2024-06-20T07:35:10.989+0000] {taskinstance.py:2330} INFO - Executing <Task(DbtRunLocalOperator): transform.raw_products.run> on 2024-06-20 07:09:38.899967+00:00
[2024-06-20T07:35:11.025+0000] {standard_task_runner.py:90} INFO - Running: ['airflow', 'tasks', 'run', 'ELT-PROJECT', 'transform.raw_products.run', 'manual__2024-06-20T07:09:38.899967+00:00', '--job-id', '146', '--raw', '--subdir', 'DAGS_FOLDER/elt.py', '--cfg-path', '/tmp/tmpevnw_v7b']
[2024-06-20T07:35:11.034+0000] {standard_task_runner.py:91} INFO - Job 146: Subtask transform.raw_products.run
[2024-06-20T07:35:11.039+0000] {logging_mixin.py:188} WARNING - /home/airflow/.local/lib/python3.12/site-packages/airflow/task/task_runner/standard_task_runner.py:61 DeprecationWarning: This process (pid=903) is multi-threaded, use of fork() may lead to deadlocks in the child.
[2024-06-20T07:35:11.042+0000] {standard_task_runner.py:63} INFO - Started process 922 to run task
[2024-06-20T07:35:11.094+0000] {logging_mixin.py:188} WARNING - /home/airflow/.local/lib/python3.12/site-packages/airflow/settings.py:195 DeprecationWarning: The sql_alchemy_conn option in [core] has been moved to the sql_alchemy_conn option in [database] - the old setting has been used, but please update your config.
[2024-06-20T07:35:11.243+0000] {task_command.py:426} INFO - Running <TaskInstance: ELT-PROJECT.transform.raw_products.run manual__2024-06-20T07:09:38.899967+00:00 [running]> on host airflow-scheduler
[2024-06-20T07:35:11.669+0000] {taskinstance.py:2648} INFO - Exporting env vars: AIRFLOW_CTX_DAG_OWNER='Data-Ninja' AIRFLOW_CTX_DAG_ID='ELT-PROJECT' AIRFLOW_CTX_TASK_ID='transform.raw_products.run' AIRFLOW_CTX_EXECUTION_DATE='2024-06-20T07:09:38.899967+00:00' AIRFLOW_CTX_TRY_NUMBER='2' AIRFLOW_CTX_DAG_RUN_ID='manual__2024-06-20T07:09:38.899967+00:00'
[2024-06-20T07:35:11.673+0000] {taskinstance.py:430} INFO - ::endgroup::
[2024-06-20T07:35:11.712+0000] {local.py:174} INFO - Could not import dbtRunner. Falling back to subprocess for invoking dbt.
[2024-06-20T07:35:11.715+0000] {local.py:292} INFO - Cloning project to writable temp directory /tmp/tmpnnuqj2hf from /opt/airflow/dags/dbt/dbt_project
[2024-06-20T07:35:11.732+0000] {local.py:303} INFO - Partial parse is enabled and the latest partial parse file is /tmp/cosmos/ELT-PROJECT__transform/target/partial_parse.msgpack
[2024-06-20T07:35:11.812+0000] {base.py:84} INFO - Using connection ID 'snow_conn' for task execution.
[2024-06-20T07:35:11.816+0000] {crypto.py:82} WARNING - empty cryptography key - values will not be stored encrypted.
[2024-06-20T07:35:11.819+0000] {base.py:225} INFO - Using real values for profile dbt_project
[2024-06-20T07:35:11.831+0000] {config.py:291} INFO - Creating temporary profiles.yml with use_mock_values=False at /tmp/tmp752xb7y0/profiles.yml with the following contents:
dbt_project:
    outputs:
        dev:
            account: sk84886.europe-west2.gcp
            database: ELT_PROJECT
            password: '{{ env_var(''COSMOS_CONN_SNOWFLAKE_PASSWORD'') }}'
            role: SYSADMIN
            schema: PUBLIC
            type: snowflake
            user: DATANINJA
            warehouse: TRANSFORM
    target: dev

[2024-06-20T07:35:11.834+0000] {local.py:247} INFO - Trying to run the command:
 ['/opt/airflow/dbt_venv/bin/dbt', 'run', '--models', 'raw_products', '--project-dir', '/tmp/tmpnnuqj2hf', '--profiles-dir', '/tmp/tmp752xb7y0', '--profile', 'dbt_project', '--target', 'dev']
From /tmp/tmpnnuqj2hf
[2024-06-20T07:35:11.840+0000] {subprocess.py:60} INFO - Tmp dir root location: 
 /tmp
[2024-06-20T07:35:11.846+0000] {subprocess.py:73} INFO - Running command: ['/opt/airflow/dbt_venv/bin/dbt', 'run', '--models', 'raw_products', '--project-dir', '/tmp/tmpnnuqj2hf', '--profiles-dir', '/tmp/tmp752xb7y0', '--profile', 'dbt_project', '--target', 'dev']
[2024-06-20T07:35:11.874+0000] {subprocess.py:84} INFO - Command output:
[2024-06-20T07:35:17.657+0000] {subprocess.py:94} INFO - [0m07:35:17  Running with dbt=1.8.2
[2024-06-20T07:35:18.968+0000] {subprocess.py:94} INFO - [0m07:35:18  Registered adapter: snowflake=1.8.3
[2024-06-20T07:35:18.978+0000] {subprocess.py:94} INFO - [0m07:35:18  Encountered an error:
[2024-06-20T07:35:18.982+0000] {subprocess.py:94} INFO - Compilation Error
[2024-06-20T07:35:18.986+0000] {subprocess.py:94} INFO -   dbt found 1 package(s) specified in packages.yml, but only 0 package(s) installed in dbt_packages. Run "dbt deps" to install package dependencies.
[2024-06-20T07:35:21.028+0000] {subprocess.py:98} INFO - Command exited with return code 2
[2024-06-20T07:35:21.031+0000] {local.py:254} INFO -   dbt found 1 package(s) specified in packages.yml, but only 0 package(s) installed in dbt_packages. Run "dbt deps" to install package dependencies.
[2024-06-20T07:35:21.562+0000] {local.py:196} WARNING - Artifact schema version: https://schemas.getdbt.com/dbt/manifest/v12.json is above dbt-ol supported version 7. This might cause errors.
[2024-06-20T07:35:21.568+0000] {local.py:349} INFO - Inlets: []
[2024-06-20T07:35:21.573+0000] {local.py:350} INFO - Outlets: []
[2024-06-20T07:35:21.581+0000] {dag.py:3096} INFO - Sync 1 DAGs
[2024-06-20T07:35:21.679+0000] {dag.py:3954} INFO - Setting next_dagrun for ELT-PROJECT to None, run_after=None
[2024-06-20T07:35:21.763+0000] {local.py:184} ERROR - [0m07:35:17  Running with dbt=1.8.2
[0m07:35:18  Registered adapter: snowflake=1.8.3
[0m07:35:18  Encountered an error:
Compilation Error
  dbt found 1 package(s) specified in packages.yml, but only 0 package(s) installed in dbt_packages. Run "dbt deps" to install package dependencies.
[2024-06-20T07:35:21.768+0000] {taskinstance.py:441} INFO - ::group::Post task execution logs
[2024-06-20T07:35:21.814+0000] {taskinstance.py:2905} ERROR - Task failed with exception
Traceback (most recent call last):
  File "/home/airflow/.local/lib/python3.12/site-packages/airflow/models/taskinstance.py", line 465, in _execute_task
    result = _execute_callable(context=context, **execute_callable_kwargs)
             ^^^^^^^^^^^^^^^^^^^^^^^^^^^^^^^^^^^^^^^^^^^^^^^^^^^^^^^^^^^^^
  File "/home/airflow/.local/lib/python3.12/site-packages/airflow/models/taskinstance.py", line 432, in _execute_callable
    return execute_callable(context=context, **execute_callable_kwargs)
           ^^^^^^^^^^^^^^^^^^^^^^^^^^^^^^^^^^^^^^^^^^^^^^^^^^^^^^^^^^^^
  File "/home/airflow/.local/lib/python3.12/site-packages/airflow/models/baseoperator.py", line 401, in wrapper
    return func(self, *args, **kwargs)
           ^^^^^^^^^^^^^^^^^^^^^^^^^^^
  File "/home/airflow/.local/lib/python3.12/site-packages/cosmos/operators/base.py", line 264, in execute
    self.build_and_run_cmd(context=context, cmd_flags=self.add_cmd_flags())
  File "/home/airflow/.local/lib/python3.12/site-packages/cosmos/operators/local.py", line 489, in build_and_run_cmd
    result = self.run_command(cmd=dbt_cmd, env=env, context=context)
             ^^^^^^^^^^^^^^^^^^^^^^^^^^^^^^^^^^^^^^^^^^^^^^^^^^^^^^^
  File "/home/airflow/.local/lib/python3.12/site-packages/cosmos/operators/local.py", line 359, in run_command
    self.handle_exception(result)
  File "/home/airflow/.local/lib/python3.12/site-packages/cosmos/operators/local.py", line 185, in handle_exception_subprocess
    raise AirflowException(f"dbt command failed. The command returned a non-zero exit code {result.exit_code}.")
airflow.exceptions.AirflowException: dbt command failed. The command returned a non-zero exit code 2.
[2024-06-20T07:35:21.852+0000] {taskinstance.py:225} INFO - Setting task transform.best_employee_run to SKIPPED due to dag's `fail_stop` setting.
[2024-06-20T07:35:21.854+0000] {taskinstance.py:225} INFO - Setting task transform.dim_categories.run to SKIPPED due to dag's `fail_stop` setting.
[2024-06-20T07:35:21.855+0000] {taskinstance.py:225} INFO - Setting task transform.dim_categories.test to SKIPPED due to dag's `fail_stop` setting.
[2024-06-20T07:35:21.856+0000] {taskinstance.py:225} INFO - Setting task transform.dim_employees.run to SKIPPED due to dag's `fail_stop` setting.
[2024-06-20T07:35:21.857+0000] {taskinstance.py:225} INFO - Setting task transform.dim_employees.test to SKIPPED due to dag's `fail_stop` setting.
[2024-06-20T07:35:21.859+0000] {taskinstance.py:225} INFO - Setting task transform.dim_products.run to SKIPPED due to dag's `fail_stop` setting.
[2024-06-20T07:35:21.860+0000] {taskinstance.py:225} INFO - Setting task transform.dim_products.test to SKIPPED due to dag's `fail_stop` setting.
[2024-06-20T07:35:21.862+0000] {taskinstance.py:225} INFO - Setting task transform.dim_suppliers.run to SKIPPED due to dag's `fail_stop` setting.
[2024-06-20T07:35:21.863+0000] {taskinstance.py:225} INFO - Setting task transform.dim_suppliers.test to SKIPPED due to dag's `fail_stop` setting.
[2024-06-20T07:35:21.865+0000] {taskinstance.py:225} INFO - Setting task transform.fact_order_details.run to SKIPPED due to dag's `fail_stop` setting.
[2024-06-20T07:35:21.866+0000] {taskinstance.py:225} INFO - Setting task transform.fact_order_details.test to SKIPPED due to dag's `fail_stop` setting.
[2024-06-20T07:35:21.868+0000] {taskinstance.py:225} INFO - Setting task transform.fact_orders.run to SKIPPED due to dag's `fail_stop` setting.
[2024-06-20T07:35:21.869+0000] {taskinstance.py:225} INFO - Setting task transform.fact_orders.test to SKIPPED due to dag's `fail_stop` setting.
[2024-06-20T07:35:21.871+0000] {taskinstance.py:225} INFO - Setting task transform.gross_revenue_run to SKIPPED due to dag's `fail_stop` setting.
[2024-06-20T07:35:21.872+0000] {taskinstance.py:225} INFO - Setting task transform.popular_product_categories_run to SKIPPED due to dag's `fail_stop` setting.
[2024-06-20T07:35:21.873+0000] {taskinstance.py:225} INFO - Setting task transform.raw_categories.test to SKIPPED due to dag's `fail_stop` setting.
[2024-06-20T07:35:21.875+0000] {taskinstance.py:225} INFO - Setting task transform.raw_customers.test to SKIPPED due to dag's `fail_stop` setting.
[2024-06-20T07:35:21.876+0000] {taskinstance.py:225} INFO - Setting task transform.raw_employees.test to SKIPPED due to dag's `fail_stop` setting.
[2024-06-20T07:35:21.877+0000] {taskinstance.py:225} INFO - Setting task transform.raw_order_details.test to SKIPPED due to dag's `fail_stop` setting.
[2024-06-20T07:35:21.878+0000] {taskinstance.py:225} INFO - Setting task transform.raw_orders.test to SKIPPED due to dag's `fail_stop` setting.
[2024-06-20T07:35:21.880+0000] {taskinstance.py:225} INFO - Setting task transform.raw_products.test to SKIPPED due to dag's `fail_stop` setting.
[2024-06-20T07:35:21.881+0000] {taskinstance.py:225} INFO - Setting task transform.raw_regions.test to SKIPPED due to dag's `fail_stop` setting.
[2024-06-20T07:35:21.883+0000] {taskinstance.py:225} INFO - Setting task transform.raw_shippers.test to SKIPPED due to dag's `fail_stop` setting.
[2024-06-20T07:35:21.884+0000] {taskinstance.py:225} INFO - Setting task transform.raw_suppliers.test to SKIPPED due to dag's `fail_stop` setting.
[2024-06-20T07:35:21.885+0000] {taskinstance.py:225} INFO - Setting task transform.raw_territories.test to SKIPPED due to dag's `fail_stop` setting.
[2024-06-20T07:35:21.887+0000] {taskinstance.py:225} INFO - Setting task transform.raw_territories.run to SKIPPED due to dag's `fail_stop` setting.
[2024-06-20T07:35:21.888+0000] {taskinstance.py:225} INFO - Setting task transform.raw_shippers.run to SKIPPED due to dag's `fail_stop` setting.
[2024-06-20T07:35:21.890+0000] {taskinstance.py:222} INFO - Forcing task transform.raw_suppliers.run to fail due to dag's `fail_stop` setting
[2024-06-20T07:35:21.891+0000] {taskinstance.py:1774} ERROR - Recording the task instance as FAILED
[2024-06-20T07:35:21.972+0000] {taskinstance.py:225} INFO - Setting task transform.raw_employee_territories_run to SKIPPED due to dag's `fail_stop` setting.
[2024-06-20T07:35:21.973+0000] {taskinstance.py:225} INFO - Setting task transform.raw_customers.run to SKIPPED due to dag's `fail_stop` setting.
[2024-06-20T07:35:21.975+0000] {taskinstance.py:222} INFO - Forcing task transform.raw_employees.run to fail due to dag's `fail_stop` setting
[2024-06-20T07:35:21.976+0000] {taskinstance.py:1774} ERROR - Recording the task instance as FAILED
[2024-06-20T07:35:22.050+0000] {taskinstance.py:222} INFO - Forcing task transform.raw_categories.run to fail due to dag's `fail_stop` setting
[2024-06-20T07:35:22.052+0000] {taskinstance.py:1774} ERROR - Recording the task instance as FAILED
[2024-06-20T07:35:22.083+0000] {taskinstance.py:225} INFO - Setting task transform.raw_regions.run to SKIPPED due to dag's `fail_stop` setting.
[2024-06-20T07:35:22.084+0000] {taskinstance.py:222} INFO - Forcing task transform.raw_orders.run to fail due to dag's `fail_stop` setting
[2024-06-20T07:35:22.085+0000] {taskinstance.py:1774} ERROR - Recording the task instance as FAILED
[2024-06-20T07:35:22.129+0000] {taskinstance.py:222} INFO - Forcing task transform.raw_order_details.run to fail due to dag's `fail_stop` setting
[2024-06-20T07:35:22.130+0000] {taskinstance.py:1774} ERROR - Recording the task instance as FAILED
[2024-06-20T07:35:22.171+0000] {taskinstance.py:1206} INFO - Marking task as FAILED. dag_id=ELT-PROJECT, task_id=transform.raw_products.run, run_id=manual__2024-06-20T07:09:38.899967+00:00, execution_date=20240620T070938, start_date=20240620T073510, end_date=20240620T073521
[2024-06-20T07:35:22.212+0000] {standard_task_runner.py:110} ERROR - Failed to execute job 146 for task transform.raw_products.run (dbt command failed. The command returned a non-zero exit code 2.; 922)
[2024-06-20T07:35:22.285+0000] {local_task_job_runner.py:240} INFO - Task exited with return code 1
[2024-06-20T07:35:22.315+0000] {local_task_job_runner.py:222} INFO - ::endgroup::
