[2024-06-20T09:03:45.842+0000] {local_task_job_runner.py:120} INFO - ::group::Pre task execution logs
[2024-06-20T09:03:45.866+0000] {taskinstance.py:2076} INFO - Dependencies all met for dep_context=non-requeueable deps ti=<TaskInstance: ELT-PROJECT.transform.fact_orders.test manual__2024-06-20T08:59:25.665849+00:00 [queued]>
[2024-06-20T09:03:45.879+0000] {taskinstance.py:2076} INFO - Dependencies all met for dep_context=requeueable deps ti=<TaskInstance: ELT-PROJECT.transform.fact_orders.test manual__2024-06-20T08:59:25.665849+00:00 [queued]>
[2024-06-20T09:03:45.880+0000] {taskinstance.py:2306} INFO - Starting attempt 1 of 2
[2024-06-20T09:03:45.903+0000] {taskinstance.py:2330} INFO - Executing <Task(DbtTestLocalOperator): transform.fact_orders.test> on 2024-06-20 08:59:25.665849+00:00
[2024-06-20T09:03:45.915+0000] {standard_task_runner.py:90} INFO - Running: ['airflow', 'tasks', 'run', 'ELT-PROJECT', 'transform.fact_orders.test', 'manual__2024-06-20T08:59:25.665849+00:00', '--job-id', '324', '--raw', '--subdir', 'DAGS_FOLDER/elt.py', '--cfg-path', '/tmp/tmpnbgu5214']
[2024-06-20T09:03:45.917+0000] {logging_mixin.py:188} WARNING - /home/airflow/.local/lib/python3.12/site-packages/airflow/task/task_runner/standard_task_runner.py:61 DeprecationWarning: This process (pid=4971) is multi-threaded, use of fork() may lead to deadlocks in the child.
[2024-06-20T09:03:45.919+0000] {standard_task_runner.py:91} INFO - Job 324: Subtask transform.fact_orders.test
[2024-06-20T09:03:45.919+0000] {standard_task_runner.py:63} INFO - Started process 4973 to run task
[2024-06-20T09:03:45.948+0000] {logging_mixin.py:188} WARNING - /home/airflow/.local/lib/python3.12/site-packages/airflow/settings.py:195 DeprecationWarning: The sql_alchemy_conn option in [core] has been moved to the sql_alchemy_conn option in [database] - the old setting has been used, but please update your config.
[2024-06-20T09:03:46.016+0000] {task_command.py:426} INFO - Running <TaskInstance: ELT-PROJECT.transform.fact_orders.test manual__2024-06-20T08:59:25.665849+00:00 [running]> on host airflow-scheduler
[2024-06-20T09:03:46.136+0000] {taskinstance.py:2648} INFO - Exporting env vars: AIRFLOW_CTX_DAG_OWNER='Data-Ninja' AIRFLOW_CTX_DAG_ID='ELT-PROJECT' AIRFLOW_CTX_TASK_ID='transform.fact_orders.test' AIRFLOW_CTX_EXECUTION_DATE='2024-06-20T08:59:25.665849+00:00' AIRFLOW_CTX_TRY_NUMBER='1' AIRFLOW_CTX_DAG_RUN_ID='manual__2024-06-20T08:59:25.665849+00:00'
[2024-06-20T09:03:46.138+0000] {taskinstance.py:430} INFO - ::endgroup::
[2024-06-20T09:03:46.152+0000] {local.py:174} INFO - Could not import dbtRunner. Falling back to subprocess for invoking dbt.
[2024-06-20T09:03:46.154+0000] {local.py:292} INFO - Cloning project to writable temp directory /tmp/tmp5g4998i5 from /opt/airflow/dags/dbt/dbt_project
[2024-06-20T09:03:46.162+0000] {local.py:303} INFO - Partial parse is enabled and the latest partial parse file is /tmp/cosmos/ELT-PROJECT__transform/target/partial_parse.msgpack
[2024-06-20T09:03:46.190+0000] {base.py:84} INFO - Using connection ID 'snow_conn' for task execution.
[2024-06-20T09:03:46.191+0000] {crypto.py:82} WARNING - empty cryptography key - values will not be stored encrypted.
[2024-06-20T09:03:46.193+0000] {base.py:225} INFO - Using real values for profile dbt_project
[2024-06-20T09:03:46.196+0000] {config.py:291} INFO - Creating temporary profiles.yml with use_mock_values=False at /tmp/tmpw_zkyrjn/profiles.yml with the following contents:
dbt_project:
    outputs:
        dev:
            account: sk84886.europe-west2.gcp
            database: ELT_PROJECT
            password: '{{ env_var(''COSMOS_CONN_SNOWFLAKE_PASSWORD'') }}'
            role: SYSADMIN
            schema: PUBLIC
            type: snowflake
            user: DATANINJA
            warehouse: TRANSFORM
    target: dev

[2024-06-20T09:03:46.197+0000] {local.py:247} INFO - Trying to run the command:
 ['/opt/airflow/dbt_venv/bin/dbt', 'deps', '--project-dir', '/tmp/tmp5g4998i5', '--profiles-dir', '/tmp/tmpw_zkyrjn', '--profile', 'dbt_project', '--target', 'dev']
From /tmp/tmp5g4998i5
[2024-06-20T09:03:46.198+0000] {subprocess.py:60} INFO - Tmp dir root location: 
 /tmp
[2024-06-20T09:03:46.199+0000] {subprocess.py:73} INFO - Running command: ['/opt/airflow/dbt_venv/bin/dbt', 'deps', '--project-dir', '/tmp/tmp5g4998i5', '--profiles-dir', '/tmp/tmpw_zkyrjn', '--profile', 'dbt_project', '--target', 'dev']
[2024-06-20T09:03:46.212+0000] {subprocess.py:84} INFO - Command output:
[2024-06-20T09:03:48.929+0000] {subprocess.py:94} INFO - [0m09:03:48  Running with dbt=1.8.2
[2024-06-20T09:03:49.200+0000] {subprocess.py:94} INFO - [0m09:03:49  Updating lock file in file path: /tmp/tmp5g4998i5/package-lock.yml
[2024-06-20T09:03:49.207+0000] {subprocess.py:94} INFO - [0m09:03:49  Installing dbt-labs/dbt_utils
[2024-06-20T09:03:49.830+0000] {subprocess.py:94} INFO - [0m09:03:49  Installed from version 0.8.6
[2024-06-20T09:03:49.831+0000] {subprocess.py:94} INFO - [0m09:03:49  Updated version available: 1.2.0
[2024-06-20T09:03:49.832+0000] {subprocess.py:94} INFO - [0m09:03:49
[2024-06-20T09:03:49.834+0000] {subprocess.py:94} INFO - [0m09:03:49  Updates available for packages: ['dbt-labs/dbt_utils']
[2024-06-20T09:03:49.835+0000] {subprocess.py:94} INFO - Update your versions in packages.yml, then run dbt deps
[2024-06-20T09:03:52.561+0000] {subprocess.py:98} INFO - Command exited with return code 0
[2024-06-20T09:03:52.562+0000] {local.py:254} INFO - Update your versions in packages.yml, then run dbt deps
[2024-06-20T09:03:52.564+0000] {local.py:247} INFO - Trying to run the command:
 ['/opt/airflow/dbt_venv/bin/dbt', 'test', '--models', 'fact_orders', '--project-dir', '/tmp/tmp5g4998i5', '--profiles-dir', '/tmp/tmpw_zkyrjn', '--profile', 'dbt_project', '--target', 'dev']
From /tmp/tmp5g4998i5
[2024-06-20T09:03:52.565+0000] {subprocess.py:60} INFO - Tmp dir root location: 
 /tmp
[2024-06-20T09:03:52.567+0000] {subprocess.py:73} INFO - Running command: ['/opt/airflow/dbt_venv/bin/dbt', 'test', '--models', 'fact_orders', '--project-dir', '/tmp/tmp5g4998i5', '--profiles-dir', '/tmp/tmpw_zkyrjn', '--profile', 'dbt_project', '--target', 'dev']
[2024-06-20T09:03:52.582+0000] {subprocess.py:84} INFO - Command output:
[2024-06-20T09:03:54.935+0000] {subprocess.py:94} INFO - [0m09:03:54  Running with dbt=1.8.2
[2024-06-20T09:03:55.632+0000] {subprocess.py:94} INFO - [0m09:03:55  Registered adapter: snowflake=1.8.3
[2024-06-20T09:03:57.443+0000] {subprocess.py:94} INFO - [0m09:03:57  Found 20 models, 31 data tests, 11 sources, 682 macros
[2024-06-20T09:03:57.448+0000] {subprocess.py:94} INFO - [0m09:03:57
[2024-06-20T09:04:04.568+0000] {subprocess.py:94} INFO - [0m09:04:04  Concurrency: 1 threads (target='dev')
[2024-06-20T09:04:04.570+0000] {subprocess.py:94} INFO - [0m09:04:04
[2024-06-20T09:04:04.588+0000] {subprocess.py:94} INFO - [0m09:04:04  1 of 4 START test not_null_fact_orders_EMPLOYEEID .............................. [RUN]
[2024-06-20T09:04:06.522+0000] {subprocess.py:94} INFO - [0m09:04:06  1 of 4 PASS not_null_fact_orders_EMPLOYEEID .................................... [[32mPASS[0m in 1.93s]
[2024-06-20T09:04:06.528+0000] {subprocess.py:94} INFO - [0m09:04:06  2 of 4 START test not_null_fact_orders_ORDERID ................................. [RUN]
[2024-06-20T09:04:09.899+0000] {subprocess.py:94} INFO - [0m09:04:09  2 of 4 PASS not_null_fact_orders_ORDERID ....................................... [[32mPASS[0m in 3.37s]
[2024-06-20T09:04:09.903+0000] {subprocess.py:94} INFO - [0m09:04:09  3 of 4 START test unique_fact_orders_EMPLOYEEID ................................ [RUN]
[2024-06-20T09:04:11.920+0000] {subprocess.py:94} INFO - [0m09:04:11  3 of 4 FAIL 9 unique_fact_orders_EMPLOYEEID .................................... [[31mFAIL 9[0m in 2.02s]
[2024-06-20T09:04:11.925+0000] {subprocess.py:94} INFO - [0m09:04:11  4 of 4 START test unique_fact_orders_ORDERID ................................... [RUN]
[2024-06-20T09:04:14.069+0000] {subprocess.py:94} INFO - [0m09:04:14  4 of 4 PASS unique_fact_orders_ORDERID ......................................... [[32mPASS[0m in 2.14s]
[2024-06-20T09:04:14.078+0000] {subprocess.py:94} INFO - [0m09:04:14
[2024-06-20T09:04:14.081+0000] {subprocess.py:94} INFO - [0m09:04:14  Finished running 4 data tests in 0 hours 0 minutes and 16.63 seconds (16.63s).
[2024-06-20T09:04:14.236+0000] {subprocess.py:94} INFO - [0m09:04:14
[2024-06-20T09:04:14.237+0000] {subprocess.py:94} INFO - [0m09:04:14  [31mCompleted with 1 error and 0 warnings:[0m
[2024-06-20T09:04:14.239+0000] {subprocess.py:94} INFO - [0m09:04:14
[2024-06-20T09:04:14.240+0000] {subprocess.py:94} INFO - [0m09:04:14  [31mFailure in test unique_fact_orders_EMPLOYEEID (models/warehouse/schema.yml)[0m
[2024-06-20T09:04:14.241+0000] {subprocess.py:94} INFO - [0m09:04:14    Got 9 results, configured to fail if != 0
[2024-06-20T09:04:14.242+0000] {subprocess.py:94} INFO - [0m09:04:14
[2024-06-20T09:04:14.244+0000] {subprocess.py:94} INFO - [0m09:04:14    compiled code at target/compiled/dbt_project/models/warehouse/schema.yml/unique_fact_orders_EMPLOYEEID.sql
[2024-06-20T09:04:14.245+0000] {subprocess.py:94} INFO - [0m09:04:14
[2024-06-20T09:04:14.246+0000] {subprocess.py:94} INFO - [0m09:04:14  Done. PASS=3 WARN=0 ERROR=1 SKIP=0 TOTAL=4
[2024-06-20T09:04:17.202+0000] {subprocess.py:98} INFO - Command exited with return code 1
[2024-06-20T09:04:17.203+0000] {local.py:254} INFO - [0m09:04:14  Done. PASS=3 WARN=0 ERROR=1 SKIP=0 TOTAL=4
[2024-06-20T09:04:17.249+0000] {local.py:196} WARNING - Artifact schema version: https://schemas.getdbt.com/dbt/manifest/v12.json is above dbt-ol supported version 7. This might cause errors.
[2024-06-20T09:04:17.250+0000] {local.py:196} WARNING - Artifact schema version: https://schemas.getdbt.com/dbt/run-results/v6.json is above dbt-ol supported version 5. This might cause errors.
[2024-06-20T09:04:17.259+0000] {local.py:349} INFO - Inlets: [Dataset(uri='snowflake://sk84886.europe-west2.gcp/ELT_PROJECT.dwh.fact_orders', extra=None)]
[2024-06-20T09:04:17.260+0000] {local.py:350} INFO - Outlets: []
[2024-06-20T09:04:17.262+0000] {dag.py:3096} INFO - Sync 1 DAGs
[2024-06-20T09:04:17.506+0000] {dag.py:3954} INFO - Setting next_dagrun for ELT-PROJECT to None, run_after=None
[2024-06-20T09:04:17.548+0000] {local.py:184} ERROR - [0m09:03:54  Running with dbt=1.8.2
[0m09:03:55  Registered adapter: snowflake=1.8.3
[0m09:03:57  Found 20 models, 31 data tests, 11 sources, 682 macros
[0m09:03:57
[0m09:04:04  Concurrency: 1 threads (target='dev')
[0m09:04:04
[0m09:04:04  1 of 4 START test not_null_fact_orders_EMPLOYEEID .............................. [RUN]
[0m09:04:06  1 of 4 PASS not_null_fact_orders_EMPLOYEEID .................................... [[32mPASS[0m in 1.93s]
[0m09:04:06  2 of 4 START test not_null_fact_orders_ORDERID ................................. [RUN]
[0m09:04:09  2 of 4 PASS not_null_fact_orders_ORDERID ....................................... [[32mPASS[0m in 3.37s]
[0m09:04:09  3 of 4 START test unique_fact_orders_EMPLOYEEID ................................ [RUN]
[0m09:04:11  3 of 4 FAIL 9 unique_fact_orders_EMPLOYEEID .................................... [[31mFAIL 9[0m in 2.02s]
[0m09:04:11  4 of 4 START test unique_fact_orders_ORDERID ................................... [RUN]
[0m09:04:14  4 of 4 PASS unique_fact_orders_ORDERID ......................................... [[32mPASS[0m in 2.14s]
[0m09:04:14
[0m09:04:14  Finished running 4 data tests in 0 hours 0 minutes and 16.63 seconds (16.63s).
[0m09:04:14
[0m09:04:14  [31mCompleted with 1 error and 0 warnings:[0m
[0m09:04:14
[0m09:04:14  [31mFailure in test unique_fact_orders_EMPLOYEEID (models/warehouse/schema.yml)[0m
[0m09:04:14    Got 9 results, configured to fail if != 0
[0m09:04:14
[0m09:04:14    compiled code at target/compiled/dbt_project/models/warehouse/schema.yml/unique_fact_orders_EMPLOYEEID.sql
[0m09:04:14
[0m09:04:14  Done. PASS=3 WARN=0 ERROR=1 SKIP=0 TOTAL=4
[2024-06-20T09:04:17.561+0000] {taskinstance.py:441} INFO - ::group::Post task execution logs
[2024-06-20T09:04:17.575+0000] {taskinstance.py:2905} ERROR - Task failed with exception
Traceback (most recent call last):
  File "/home/airflow/.local/lib/python3.12/site-packages/airflow/models/taskinstance.py", line 465, in _execute_task
    result = _execute_callable(context=context, **execute_callable_kwargs)
             ^^^^^^^^^^^^^^^^^^^^^^^^^^^^^^^^^^^^^^^^^^^^^^^^^^^^^^^^^^^^^
  File "/home/airflow/.local/lib/python3.12/site-packages/airflow/models/taskinstance.py", line 432, in _execute_callable
    return execute_callable(context=context, **execute_callable_kwargs)
           ^^^^^^^^^^^^^^^^^^^^^^^^^^^^^^^^^^^^^^^^^^^^^^^^^^^^^^^^^^^^
  File "/home/airflow/.local/lib/python3.12/site-packages/airflow/models/baseoperator.py", line 401, in wrapper
    return func(self, *args, **kwargs)
           ^^^^^^^^^^^^^^^^^^^^^^^^^^^
  File "/home/airflow/.local/lib/python3.12/site-packages/cosmos/operators/local.py", line 579, in execute
    result = self.build_and_run_cmd(context=context, cmd_flags=self.add_cmd_flags())
             ^^^^^^^^^^^^^^^^^^^^^^^^^^^^^^^^^^^^^^^^^^^^^^^^^^^^^^^^^^^^^^^^^^^^^^^
  File "/home/airflow/.local/lib/python3.12/site-packages/cosmos/operators/local.py", line 489, in build_and_run_cmd
    result = self.run_command(cmd=dbt_cmd, env=env, context=context)
             ^^^^^^^^^^^^^^^^^^^^^^^^^^^^^^^^^^^^^^^^^^^^^^^^^^^^^^^
  File "/home/airflow/.local/lib/python3.12/site-packages/cosmos/operators/local.py", line 359, in run_command
    self.handle_exception(result)
  File "/home/airflow/.local/lib/python3.12/site-packages/cosmos/operators/local.py", line 185, in handle_exception_subprocess
    raise AirflowException(f"dbt command failed. The command returned a non-zero exit code {result.exit_code}.")
airflow.exceptions.AirflowException: dbt command failed. The command returned a non-zero exit code 1.
[2024-06-20T09:04:17.579+0000] {taskinstance.py:1206} INFO - Marking task as UP_FOR_RETRY. dag_id=ELT-PROJECT, task_id=transform.fact_orders.test, run_id=manual__2024-06-20T08:59:25.665849+00:00, execution_date=20240620T085925, start_date=20240620T090345, end_date=20240620T090417
[2024-06-20T09:04:17.593+0000] {standard_task_runner.py:110} ERROR - Failed to execute job 324 for task transform.fact_orders.test (dbt command failed. The command returned a non-zero exit code 1.; 4973)
[2024-06-20T09:04:17.613+0000] {local_task_job_runner.py:240} INFO - Task exited with return code 1
[2024-06-20T09:04:17.658+0000] {taskinstance.py:3503} INFO - 0 downstream tasks scheduled from follow-on schedule check
[2024-06-20T09:04:17.661+0000] {local_task_job_runner.py:222} INFO - ::endgroup::
