[2024-06-20T07:30:09.941+0000] {local_task_job_runner.py:120} INFO - ::group::Pre task execution logs
[2024-06-20T07:30:10.021+0000] {taskinstance.py:2076} INFO - Dependencies all met for dep_context=non-requeueable deps ti=<TaskInstance: ELT-PROJECT.transform.raw_shippers.run manual__2024-06-20T07:09:38.899967+00:00 [queued]>
[2024-06-20T07:30:10.048+0000] {taskinstance.py:2076} INFO - Dependencies all met for dep_context=requeueable deps ti=<TaskInstance: ELT-PROJECT.transform.raw_shippers.run manual__2024-06-20T07:09:38.899967+00:00 [queued]>
[2024-06-20T07:30:10.049+0000] {taskinstance.py:2306} INFO - Starting attempt 1 of 2
[2024-06-20T07:30:10.098+0000] {taskinstance.py:2330} INFO - Executing <Task(DbtRunLocalOperator): transform.raw_shippers.run> on 2024-06-20 07:09:38.899967+00:00
[2024-06-20T07:30:10.120+0000] {logging_mixin.py:188} WARNING - /home/airflow/.local/lib/python3.12/site-packages/airflow/task/task_runner/standard_task_runner.py:61 DeprecationWarning: This process (pid=674) is multi-threaded, use of fork() may lead to deadlocks in the child.
[2024-06-20T07:30:10.125+0000] {standard_task_runner.py:63} INFO - Started process 693 to run task
[2024-06-20T07:30:10.128+0000] {standard_task_runner.py:90} INFO - Running: ['airflow', 'tasks', 'run', 'ELT-PROJECT', 'transform.raw_shippers.run', 'manual__2024-06-20T07:09:38.899967+00:00', '--job-id', '126', '--raw', '--subdir', 'DAGS_FOLDER/elt.py', '--cfg-path', '/tmp/tmpjjjgg7pr']
[2024-06-20T07:30:10.155+0000] {standard_task_runner.py:91} INFO - Job 126: Subtask transform.raw_shippers.run
[2024-06-20T07:30:10.205+0000] {logging_mixin.py:188} WARNING - /home/airflow/.local/lib/python3.12/site-packages/airflow/settings.py:195 DeprecationWarning: The sql_alchemy_conn option in [core] has been moved to the sql_alchemy_conn option in [database] - the old setting has been used, but please update your config.
[2024-06-20T07:30:10.378+0000] {task_command.py:426} INFO - Running <TaskInstance: ELT-PROJECT.transform.raw_shippers.run manual__2024-06-20T07:09:38.899967+00:00 [running]> on host airflow-scheduler
[2024-06-20T07:30:10.842+0000] {taskinstance.py:2648} INFO - Exporting env vars: AIRFLOW_CTX_DAG_OWNER='Data-Ninja' AIRFLOW_CTX_DAG_ID='ELT-PROJECT' AIRFLOW_CTX_TASK_ID='transform.raw_shippers.run' AIRFLOW_CTX_EXECUTION_DATE='2024-06-20T07:09:38.899967+00:00' AIRFLOW_CTX_TRY_NUMBER='1' AIRFLOW_CTX_DAG_RUN_ID='manual__2024-06-20T07:09:38.899967+00:00'
[2024-06-20T07:30:10.852+0000] {taskinstance.py:430} INFO - ::endgroup::
[2024-06-20T07:30:10.897+0000] {local.py:174} INFO - Could not import dbtRunner. Falling back to subprocess for invoking dbt.
[2024-06-20T07:30:10.908+0000] {local.py:292} INFO - Cloning project to writable temp directory /tmp/tmpr64jp2e3 from /opt/airflow/dags/dbt/dbt_project
[2024-06-20T07:30:10.955+0000] {local.py:303} INFO - Partial parse is enabled and the latest partial parse file is /tmp/cosmos/ELT-PROJECT__transform/target/partial_parse.msgpack
[2024-06-20T07:30:11.046+0000] {base.py:84} INFO - Using connection ID 'snow_conn' for task execution.
[2024-06-20T07:30:11.048+0000] {crypto.py:82} WARNING - empty cryptography key - values will not be stored encrypted.
[2024-06-20T07:30:11.051+0000] {base.py:225} INFO - Using real values for profile dbt_project
[2024-06-20T07:30:11.065+0000] {config.py:291} INFO - Creating temporary profiles.yml with use_mock_values=False at /tmp/tmp05viys0l/profiles.yml with the following contents:
dbt_project:
    outputs:
        dev:
            account: sk84886.europe-west2.gcp
            database: ELT_PROJECT
            password: '{{ env_var(''COSMOS_CONN_SNOWFLAKE_PASSWORD'') }}'
            role: SYSADMIN
            schema: PUBLIC
            type: snowflake
            user: DATANINJA
            warehouse: TRANSFORM
    target: dev

[2024-06-20T07:30:11.069+0000] {local.py:247} INFO - Trying to run the command:
 ['/opt/airflow/dbt_venv/bin/dbt', 'run', '--models', 'raw_shippers', '--project-dir', '/tmp/tmpr64jp2e3', '--profiles-dir', '/tmp/tmp05viys0l', '--profile', 'dbt_project', '--target', 'dev']
From /tmp/tmpr64jp2e3
[2024-06-20T07:30:11.071+0000] {subprocess.py:60} INFO - Tmp dir root location: 
 /tmp
[2024-06-20T07:30:11.075+0000] {subprocess.py:73} INFO - Running command: ['/opt/airflow/dbt_venv/bin/dbt', 'run', '--models', 'raw_shippers', '--project-dir', '/tmp/tmpr64jp2e3', '--profiles-dir', '/tmp/tmp05viys0l', '--profile', 'dbt_project', '--target', 'dev']
[2024-06-20T07:30:11.114+0000] {subprocess.py:84} INFO - Command output:
[2024-06-20T07:30:17.571+0000] {subprocess.py:94} INFO - [0m07:30:17  Running with dbt=1.8.2
[2024-06-20T07:30:19.259+0000] {subprocess.py:94} INFO - [0m07:30:19  Registered adapter: snowflake=1.8.3
[2024-06-20T07:30:19.272+0000] {subprocess.py:94} INFO - [0m07:30:19  Encountered an error:
[2024-06-20T07:30:19.274+0000] {subprocess.py:94} INFO - Compilation Error
[2024-06-20T07:30:19.277+0000] {subprocess.py:94} INFO -   dbt found 1 package(s) specified in packages.yml, but only 0 package(s) installed in dbt_packages. Run "dbt deps" to install package dependencies.
[2024-06-20T07:30:21.146+0000] {subprocess.py:98} INFO - Command exited with return code 2
[2024-06-20T07:30:21.149+0000] {local.py:254} INFO -   dbt found 1 package(s) specified in packages.yml, but only 0 package(s) installed in dbt_packages. Run "dbt deps" to install package dependencies.
[2024-06-20T07:30:21.671+0000] {local.py:196} WARNING - Artifact schema version: https://schemas.getdbt.com/dbt/manifest/v12.json is above dbt-ol supported version 7. This might cause errors.
[2024-06-20T07:30:21.675+0000] {local.py:349} INFO - Inlets: []
[2024-06-20T07:30:21.678+0000] {local.py:350} INFO - Outlets: []
[2024-06-20T07:30:21.680+0000] {dag.py:3096} INFO - Sync 1 DAGs
[2024-06-20T07:30:21.770+0000] {dag.py:3954} INFO - Setting next_dagrun for ELT-PROJECT to None, run_after=None
[2024-06-20T07:30:21.893+0000] {local.py:184} ERROR - [0m07:30:17  Running with dbt=1.8.2
[0m07:30:19  Registered adapter: snowflake=1.8.3
[0m07:30:19  Encountered an error:
Compilation Error
  dbt found 1 package(s) specified in packages.yml, but only 0 package(s) installed in dbt_packages. Run "dbt deps" to install package dependencies.
[2024-06-20T07:30:21.901+0000] {taskinstance.py:441} INFO - ::group::Post task execution logs
[2024-06-20T07:30:21.998+0000] {taskinstance.py:2905} ERROR - Task failed with exception
Traceback (most recent call last):
  File "/home/airflow/.local/lib/python3.12/site-packages/airflow/models/taskinstance.py", line 465, in _execute_task
    result = _execute_callable(context=context, **execute_callable_kwargs)
             ^^^^^^^^^^^^^^^^^^^^^^^^^^^^^^^^^^^^^^^^^^^^^^^^^^^^^^^^^^^^^
  File "/home/airflow/.local/lib/python3.12/site-packages/airflow/models/taskinstance.py", line 432, in _execute_callable
    return execute_callable(context=context, **execute_callable_kwargs)
           ^^^^^^^^^^^^^^^^^^^^^^^^^^^^^^^^^^^^^^^^^^^^^^^^^^^^^^^^^^^^
  File "/home/airflow/.local/lib/python3.12/site-packages/airflow/models/baseoperator.py", line 401, in wrapper
    return func(self, *args, **kwargs)
           ^^^^^^^^^^^^^^^^^^^^^^^^^^^
  File "/home/airflow/.local/lib/python3.12/site-packages/cosmos/operators/base.py", line 264, in execute
    self.build_and_run_cmd(context=context, cmd_flags=self.add_cmd_flags())
  File "/home/airflow/.local/lib/python3.12/site-packages/cosmos/operators/local.py", line 489, in build_and_run_cmd
    result = self.run_command(cmd=dbt_cmd, env=env, context=context)
             ^^^^^^^^^^^^^^^^^^^^^^^^^^^^^^^^^^^^^^^^^^^^^^^^^^^^^^^
  File "/home/airflow/.local/lib/python3.12/site-packages/cosmos/operators/local.py", line 359, in run_command
    self.handle_exception(result)
  File "/home/airflow/.local/lib/python3.12/site-packages/cosmos/operators/local.py", line 185, in handle_exception_subprocess
    raise AirflowException(f"dbt command failed. The command returned a non-zero exit code {result.exit_code}.")
airflow.exceptions.AirflowException: dbt command failed. The command returned a non-zero exit code 2.
[2024-06-20T07:30:22.012+0000] {taskinstance.py:1206} INFO - Marking task as UP_FOR_RETRY. dag_id=ELT-PROJECT, task_id=transform.raw_shippers.run, run_id=manual__2024-06-20T07:09:38.899967+00:00, execution_date=20240620T070938, start_date=20240620T073010, end_date=20240620T073022
[2024-06-20T07:30:22.394+0000] {standard_task_runner.py:110} ERROR - Failed to execute job 126 for task transform.raw_shippers.run (dbt command failed. The command returned a non-zero exit code 2.; 693)
[2024-06-20T07:30:22.530+0000] {local_task_job_runner.py:240} INFO - Task exited with return code 1
[2024-06-20T07:30:22.713+0000] {taskinstance.py:3503} INFO - 0 downstream tasks scheduled from follow-on schedule check
[2024-06-20T07:30:22.727+0000] {local_task_job_runner.py:222} INFO - ::endgroup::
