[2024-06-20T09:20:40.313+0000] {local_task_job_runner.py:120} INFO - ::group::Pre task execution logs
[2024-06-20T09:20:40.370+0000] {taskinstance.py:2076} INFO - Dependencies all met for dep_context=non-requeueable deps ti=<TaskInstance: ELT-PROJECT.transform.fact_order_details.test manual__2024-06-20T09:10:32.865792+00:00 [queued]>
[2024-06-20T09:20:40.391+0000] {taskinstance.py:2076} INFO - Dependencies all met for dep_context=requeueable deps ti=<TaskInstance: ELT-PROJECT.transform.fact_order_details.test manual__2024-06-20T09:10:32.865792+00:00 [queued]>
[2024-06-20T09:20:40.392+0000] {taskinstance.py:2306} INFO - Starting attempt 2 of 2
[2024-06-20T09:20:40.418+0000] {taskinstance.py:2330} INFO - Executing <Task(DbtTestLocalOperator): transform.fact_order_details.test> on 2024-06-20 09:10:32.865792+00:00
[2024-06-20T09:20:40.430+0000] {logging_mixin.py:188} WARNING - /home/airflow/.local/lib/python3.12/site-packages/airflow/task/task_runner/standard_task_runner.py:61 DeprecationWarning: This process (pid=6149) is multi-threaded, use of fork() may lead to deadlocks in the child.
[2024-06-20T09:20:40.431+0000] {standard_task_runner.py:63} INFO - Started process 6151 to run task
[2024-06-20T09:20:40.430+0000] {standard_task_runner.py:90} INFO - Running: ['airflow', 'tasks', 'run', 'ELT-PROJECT', 'transform.fact_order_details.test', 'manual__2024-06-20T09:10:32.865792+00:00', '--job-id', '384', '--raw', '--subdir', 'DAGS_FOLDER/elt.py', '--cfg-path', '/tmp/tmp_h50dvza']
[2024-06-20T09:20:40.432+0000] {standard_task_runner.py:91} INFO - Job 384: Subtask transform.fact_order_details.test
[2024-06-20T09:20:40.458+0000] {logging_mixin.py:188} WARNING - /home/airflow/.local/lib/python3.12/site-packages/airflow/settings.py:195 DeprecationWarning: The sql_alchemy_conn option in [core] has been moved to the sql_alchemy_conn option in [database] - the old setting has been used, but please update your config.
[2024-06-20T09:20:40.511+0000] {task_command.py:426} INFO - Running <TaskInstance: ELT-PROJECT.transform.fact_order_details.test manual__2024-06-20T09:10:32.865792+00:00 [running]> on host airflow-scheduler
[2024-06-20T09:20:40.651+0000] {taskinstance.py:2648} INFO - Exporting env vars: AIRFLOW_CTX_DAG_OWNER='Data-Ninja' AIRFLOW_CTX_DAG_ID='ELT-PROJECT' AIRFLOW_CTX_TASK_ID='transform.fact_order_details.test' AIRFLOW_CTX_EXECUTION_DATE='2024-06-20T09:10:32.865792+00:00' AIRFLOW_CTX_TRY_NUMBER='2' AIRFLOW_CTX_DAG_RUN_ID='manual__2024-06-20T09:10:32.865792+00:00'
[2024-06-20T09:20:40.653+0000] {taskinstance.py:430} INFO - ::endgroup::
[2024-06-20T09:20:40.668+0000] {local.py:174} INFO - Could not import dbtRunner. Falling back to subprocess for invoking dbt.
[2024-06-20T09:20:40.670+0000] {local.py:292} INFO - Cloning project to writable temp directory /tmp/tmpb9pykj5e from /opt/airflow/dags/dbt/dbt_project
[2024-06-20T09:20:40.680+0000] {local.py:303} INFO - Partial parse is enabled and the latest partial parse file is /tmp/cosmos/ELT-PROJECT__transform/target/partial_parse.msgpack
[2024-06-20T09:20:40.710+0000] {base.py:84} INFO - Using connection ID 'snow_conn' for task execution.
[2024-06-20T09:20:40.711+0000] {crypto.py:82} WARNING - empty cryptography key - values will not be stored encrypted.
[2024-06-20T09:20:40.712+0000] {base.py:225} INFO - Using real values for profile dbt_project
[2024-06-20T09:20:40.716+0000] {config.py:291} INFO - Creating temporary profiles.yml with use_mock_values=False at /tmp/tmp92mbj4lt/profiles.yml with the following contents:
dbt_project:
    outputs:
        dev:
            account: sk84886.europe-west2.gcp
            database: ELT_PROJECT
            password: '{{ env_var(''COSMOS_CONN_SNOWFLAKE_PASSWORD'') }}'
            role: SYSADMIN
            schema: PUBLIC
            type: snowflake
            user: DATANINJA
            warehouse: TRANSFORM
    target: dev

[2024-06-20T09:20:40.717+0000] {local.py:247} INFO - Trying to run the command:
 ['/opt/airflow/dbt_venv/bin/dbt', 'deps', '--project-dir', '/tmp/tmpb9pykj5e', '--profiles-dir', '/tmp/tmp92mbj4lt', '--profile', 'dbt_project', '--target', 'dev']
From /tmp/tmpb9pykj5e
[2024-06-20T09:20:40.719+0000] {subprocess.py:60} INFO - Tmp dir root location: 
 /tmp
[2024-06-20T09:20:40.721+0000] {subprocess.py:73} INFO - Running command: ['/opt/airflow/dbt_venv/bin/dbt', 'deps', '--project-dir', '/tmp/tmpb9pykj5e', '--profiles-dir', '/tmp/tmp92mbj4lt', '--profile', 'dbt_project', '--target', 'dev']
[2024-06-20T09:20:40.735+0000] {subprocess.py:84} INFO - Command output:
[2024-06-20T09:20:43.408+0000] {subprocess.py:94} INFO - [0m09:20:43  Running with dbt=1.8.2
[2024-06-20T09:20:43.716+0000] {subprocess.py:94} INFO - [0m09:20:43  Updating lock file in file path: /tmp/tmpb9pykj5e/package-lock.yml
[2024-06-20T09:20:43.729+0000] {subprocess.py:94} INFO - [0m09:20:43  Installing dbt-labs/dbt_utils
[2024-06-20T09:20:44.219+0000] {subprocess.py:94} INFO - [0m09:20:44  Installed from version 0.8.6
[2024-06-20T09:20:44.221+0000] {subprocess.py:94} INFO - [0m09:20:44  Updated version available: 1.2.0
[2024-06-20T09:20:44.222+0000] {subprocess.py:94} INFO - [0m09:20:44
[2024-06-20T09:20:44.224+0000] {subprocess.py:94} INFO - [0m09:20:44  Updates available for packages: ['dbt-labs/dbt_utils']
[2024-06-20T09:20:44.225+0000] {subprocess.py:94} INFO - Update your versions in packages.yml, then run dbt deps
[2024-06-20T09:20:45.962+0000] {subprocess.py:98} INFO - Command exited with return code 0
[2024-06-20T09:20:45.964+0000] {local.py:254} INFO - Update your versions in packages.yml, then run dbt deps
[2024-06-20T09:20:45.965+0000] {local.py:247} INFO - Trying to run the command:
 ['/opt/airflow/dbt_venv/bin/dbt', 'test', '--models', 'fact_order_details', '--project-dir', '/tmp/tmpb9pykj5e', '--profiles-dir', '/tmp/tmp92mbj4lt', '--profile', 'dbt_project', '--target', 'dev']
From /tmp/tmpb9pykj5e
[2024-06-20T09:20:45.966+0000] {subprocess.py:60} INFO - Tmp dir root location: 
 /tmp
[2024-06-20T09:20:45.968+0000] {subprocess.py:73} INFO - Running command: ['/opt/airflow/dbt_venv/bin/dbt', 'test', '--models', 'fact_order_details', '--project-dir', '/tmp/tmpb9pykj5e', '--profiles-dir', '/tmp/tmp92mbj4lt', '--profile', 'dbt_project', '--target', 'dev']
[2024-06-20T09:20:45.982+0000] {subprocess.py:84} INFO - Command output:
[2024-06-20T09:20:48.485+0000] {subprocess.py:94} INFO - [0m09:20:48  Running with dbt=1.8.2
[2024-06-20T09:20:49.491+0000] {subprocess.py:94} INFO - [0m09:20:49  Registered adapter: snowflake=1.8.3
[2024-06-20T09:20:50.736+0000] {subprocess.py:94} INFO - [0m09:20:50  Found 20 models, 30 data tests, 11 sources, 682 macros
[2024-06-20T09:20:50.741+0000] {subprocess.py:94} INFO - [0m09:20:50
[2024-06-20T09:20:55.974+0000] {subprocess.py:94} INFO - [0m09:20:55  Concurrency: 1 threads (target='dev')
[2024-06-20T09:20:55.976+0000] {subprocess.py:94} INFO - [0m09:20:55
[2024-06-20T09:20:55.994+0000] {subprocess.py:94} INFO - [0m09:20:55  1 of 6 START test not_null_fact_order_details_ORDERDETAILID .................... [RUN]
[2024-06-20T09:20:58.295+0000] {subprocess.py:94} INFO - [0m09:20:58  1 of 6 PASS not_null_fact_order_details_ORDERDETAILID .......................... [[32mPASS[0m in 2.30s]
[2024-06-20T09:20:58.300+0000] {subprocess.py:94} INFO - [0m09:20:58  2 of 6 START test not_null_fact_order_details_ORDERID .......................... [RUN]
[2024-06-20T09:20:59.834+0000] {subprocess.py:94} INFO - [0m09:20:59  2 of 6 PASS not_null_fact_order_details_ORDERID ................................ [[32mPASS[0m in 1.53s]
[2024-06-20T09:20:59.841+0000] {subprocess.py:94} INFO - [0m09:20:59  3 of 6 START test not_null_fact_order_details_PRODUCTID ........................ [RUN]
[2024-06-20T09:21:01.376+0000] {subprocess.py:94} INFO - [0m09:21:01  3 of 6 PASS not_null_fact_order_details_PRODUCTID .............................. [[32mPASS[0m in 1.53s]
[2024-06-20T09:21:01.385+0000] {subprocess.py:94} INFO - [0m09:21:01  4 of 6 START test unique_fact_order_details_ORDERDETAILID ...................... [RUN]
[2024-06-20T09:21:03.260+0000] {subprocess.py:94} INFO - [0m09:21:03  4 of 6 FAIL 693 unique_fact_order_details_ORDERDETAILID ........................ [[31mFAIL 693[0m in 1.87s]
[2024-06-20T09:21:03.269+0000] {subprocess.py:94} INFO - [0m09:21:03  5 of 6 START test unique_fact_order_details_ORDERID ............................ [RUN]
[2024-06-20T09:21:04.899+0000] {subprocess.py:94} INFO - [0m09:21:04  5 of 6 FAIL 693 unique_fact_order_details_ORDERID .............................. [[31mFAIL 693[0m in 1.63s]
[2024-06-20T09:21:04.903+0000] {subprocess.py:94} INFO - [0m09:21:04  6 of 6 START test unique_fact_order_details_PRODUCTID .......................... [RUN]
[2024-06-20T09:21:06.839+0000] {subprocess.py:94} INFO - [0m09:21:06  6 of 6 FAIL 77 unique_fact_order_details_PRODUCTID ............................. [[31mFAIL 77[0m in 1.93s]
[2024-06-20T09:21:06.844+0000] {subprocess.py:94} INFO - [0m09:21:06
[2024-06-20T09:21:06.844+0000] {subprocess.py:94} INFO - [0m09:21:06  Finished running 6 data tests in 0 hours 0 minutes and 16.10 seconds (16.10s).
[2024-06-20T09:21:06.912+0000] {subprocess.py:94} INFO - [0m09:21:06
[2024-06-20T09:21:06.913+0000] {subprocess.py:94} INFO - [0m09:21:06  [31mCompleted with 3 errors and 0 warnings:[0m
[2024-06-20T09:21:06.914+0000] {subprocess.py:94} INFO - [0m09:21:06
[2024-06-20T09:21:06.916+0000] {subprocess.py:94} INFO - [0m09:21:06  [31mFailure in test unique_fact_order_details_ORDERDETAILID (models/warehouse/schema.yml)[0m
[2024-06-20T09:21:06.917+0000] {subprocess.py:94} INFO - [0m09:21:06    Got 693 results, configured to fail if != 0
[2024-06-20T09:21:06.919+0000] {subprocess.py:94} INFO - [0m09:21:06
[2024-06-20T09:21:06.920+0000] {subprocess.py:94} INFO - [0m09:21:06    compiled code at target/compiled/dbt_project/models/warehouse/schema.yml/unique_fact_order_details_ORDERDETAILID.sql
[2024-06-20T09:21:06.921+0000] {subprocess.py:94} INFO - [0m09:21:06
[2024-06-20T09:21:06.923+0000] {subprocess.py:94} INFO - [0m09:21:06  [31mFailure in test unique_fact_order_details_ORDERID (models/warehouse/schema.yml)[0m
[2024-06-20T09:21:06.924+0000] {subprocess.py:94} INFO - [0m09:21:06    Got 693 results, configured to fail if != 0
[2024-06-20T09:21:06.925+0000] {subprocess.py:94} INFO - [0m09:21:06
[2024-06-20T09:21:06.926+0000] {subprocess.py:94} INFO - [0m09:21:06    compiled code at target/compiled/dbt_project/models/warehouse/schema.yml/unique_fact_order_details_ORDERID.sql
[2024-06-20T09:21:06.928+0000] {subprocess.py:94} INFO - [0m09:21:06
[2024-06-20T09:21:06.929+0000] {subprocess.py:94} INFO - [0m09:21:06  [31mFailure in test unique_fact_order_details_PRODUCTID (models/warehouse/schema.yml)[0m
[2024-06-20T09:21:06.931+0000] {subprocess.py:94} INFO - [0m09:21:06    Got 77 results, configured to fail if != 0
[2024-06-20T09:21:06.932+0000] {subprocess.py:94} INFO - [0m09:21:06
[2024-06-20T09:21:06.933+0000] {subprocess.py:94} INFO - [0m09:21:06    compiled code at target/compiled/dbt_project/models/warehouse/schema.yml/unique_fact_order_details_PRODUCTID.sql
[2024-06-20T09:21:06.935+0000] {subprocess.py:94} INFO - [0m09:21:06
[2024-06-20T09:21:06.936+0000] {subprocess.py:94} INFO - [0m09:21:06  Done. PASS=3 WARN=0 ERROR=3 SKIP=0 TOTAL=6
[2024-06-20T09:21:08.622+0000] {subprocess.py:98} INFO - Command exited with return code 1
[2024-06-20T09:21:08.624+0000] {local.py:254} INFO - [0m09:21:06  Done. PASS=3 WARN=0 ERROR=3 SKIP=0 TOTAL=6
[2024-06-20T09:21:08.888+0000] {local.py:196} WARNING - Artifact schema version: https://schemas.getdbt.com/dbt/manifest/v12.json is above dbt-ol supported version 7. This might cause errors.
[2024-06-20T09:21:08.890+0000] {local.py:196} WARNING - Artifact schema version: https://schemas.getdbt.com/dbt/run-results/v6.json is above dbt-ol supported version 5. This might cause errors.
[2024-06-20T09:21:08.900+0000] {local.py:349} INFO - Inlets: [Dataset(uri='snowflake://sk84886.europe-west2.gcp/ELT_PROJECT.dwh.fact_order_details', extra=None)]
[2024-06-20T09:21:08.902+0000] {local.py:350} INFO - Outlets: []
[2024-06-20T09:21:08.903+0000] {dag.py:3096} INFO - Sync 1 DAGs
[2024-06-20T09:21:08.935+0000] {dag.py:3954} INFO - Setting next_dagrun for ELT-PROJECT to None, run_after=None
[2024-06-20T09:21:08.982+0000] {local.py:184} ERROR - [0m09:20:48  Running with dbt=1.8.2
[0m09:20:49  Registered adapter: snowflake=1.8.3
[0m09:20:50  Found 20 models, 30 data tests, 11 sources, 682 macros
[0m09:20:50
[0m09:20:55  Concurrency: 1 threads (target='dev')
[0m09:20:55
[0m09:20:55  1 of 6 START test not_null_fact_order_details_ORDERDETAILID .................... [RUN]
[0m09:20:58  1 of 6 PASS not_null_fact_order_details_ORDERDETAILID .......................... [[32mPASS[0m in 2.30s]
[0m09:20:58  2 of 6 START test not_null_fact_order_details_ORDERID .......................... [RUN]
[0m09:20:59  2 of 6 PASS not_null_fact_order_details_ORDERID ................................ [[32mPASS[0m in 1.53s]
[0m09:20:59  3 of 6 START test not_null_fact_order_details_PRODUCTID ........................ [RUN]
[0m09:21:01  3 of 6 PASS not_null_fact_order_details_PRODUCTID .............................. [[32mPASS[0m in 1.53s]
[0m09:21:01  4 of 6 START test unique_fact_order_details_ORDERDETAILID ...................... [RUN]
[0m09:21:03  4 of 6 FAIL 693 unique_fact_order_details_ORDERDETAILID ........................ [[31mFAIL 693[0m in 1.87s]
[0m09:21:03  5 of 6 START test unique_fact_order_details_ORDERID ............................ [RUN]
[0m09:21:04  5 of 6 FAIL 693 unique_fact_order_details_ORDERID .............................. [[31mFAIL 693[0m in 1.63s]
[0m09:21:04  6 of 6 START test unique_fact_order_details_PRODUCTID .......................... [RUN]
[0m09:21:06  6 of 6 FAIL 77 unique_fact_order_details_PRODUCTID ............................. [[31mFAIL 77[0m in 1.93s]
[0m09:21:06
[0m09:21:06  Finished running 6 data tests in 0 hours 0 minutes and 16.10 seconds (16.10s).
[0m09:21:06
[0m09:21:06  [31mCompleted with 3 errors and 0 warnings:[0m
[0m09:21:06
[0m09:21:06  [31mFailure in test unique_fact_order_details_ORDERDETAILID (models/warehouse/schema.yml)[0m
[0m09:21:06    Got 693 results, configured to fail if != 0
[0m09:21:06
[0m09:21:06    compiled code at target/compiled/dbt_project/models/warehouse/schema.yml/unique_fact_order_details_ORDERDETAILID.sql
[0m09:21:06
[0m09:21:06  [31mFailure in test unique_fact_order_details_ORDERID (models/warehouse/schema.yml)[0m
[0m09:21:06    Got 693 results, configured to fail if != 0
[0m09:21:06
[0m09:21:06    compiled code at target/compiled/dbt_project/models/warehouse/schema.yml/unique_fact_order_details_ORDERID.sql
[0m09:21:06
[0m09:21:06  [31mFailure in test unique_fact_order_details_PRODUCTID (models/warehouse/schema.yml)[0m
[0m09:21:06    Got 77 results, configured to fail if != 0
[0m09:21:06
[0m09:21:06    compiled code at target/compiled/dbt_project/models/warehouse/schema.yml/unique_fact_order_details_PRODUCTID.sql
[0m09:21:06
[0m09:21:06  Done. PASS=3 WARN=0 ERROR=3 SKIP=0 TOTAL=6
[2024-06-20T09:21:08.997+0000] {taskinstance.py:441} INFO - ::group::Post task execution logs
[2024-06-20T09:21:09.012+0000] {taskinstance.py:2905} ERROR - Task failed with exception
Traceback (most recent call last):
  File "/home/airflow/.local/lib/python3.12/site-packages/airflow/models/taskinstance.py", line 465, in _execute_task
    result = _execute_callable(context=context, **execute_callable_kwargs)
             ^^^^^^^^^^^^^^^^^^^^^^^^^^^^^^^^^^^^^^^^^^^^^^^^^^^^^^^^^^^^^
  File "/home/airflow/.local/lib/python3.12/site-packages/airflow/models/taskinstance.py", line 432, in _execute_callable
    return execute_callable(context=context, **execute_callable_kwargs)
           ^^^^^^^^^^^^^^^^^^^^^^^^^^^^^^^^^^^^^^^^^^^^^^^^^^^^^^^^^^^^
  File "/home/airflow/.local/lib/python3.12/site-packages/airflow/models/baseoperator.py", line 401, in wrapper
    return func(self, *args, **kwargs)
           ^^^^^^^^^^^^^^^^^^^^^^^^^^^
  File "/home/airflow/.local/lib/python3.12/site-packages/cosmos/operators/local.py", line 579, in execute
    result = self.build_and_run_cmd(context=context, cmd_flags=self.add_cmd_flags())
             ^^^^^^^^^^^^^^^^^^^^^^^^^^^^^^^^^^^^^^^^^^^^^^^^^^^^^^^^^^^^^^^^^^^^^^^
  File "/home/airflow/.local/lib/python3.12/site-packages/cosmos/operators/local.py", line 489, in build_and_run_cmd
    result = self.run_command(cmd=dbt_cmd, env=env, context=context)
             ^^^^^^^^^^^^^^^^^^^^^^^^^^^^^^^^^^^^^^^^^^^^^^^^^^^^^^^
  File "/home/airflow/.local/lib/python3.12/site-packages/cosmos/operators/local.py", line 359, in run_command
    self.handle_exception(result)
  File "/home/airflow/.local/lib/python3.12/site-packages/cosmos/operators/local.py", line 185, in handle_exception_subprocess
    raise AirflowException(f"dbt command failed. The command returned a non-zero exit code {result.exit_code}.")
airflow.exceptions.AirflowException: dbt command failed. The command returned a non-zero exit code 1.
[2024-06-20T09:21:09.027+0000] {taskinstance.py:225} INFO - Setting task transform.gross_revenue_run to SKIPPED due to dag's `fail_stop` setting.
[2024-06-20T09:21:09.028+0000] {taskinstance.py:225} INFO - Setting task transform.best_employee_run to SKIPPED due to dag's `fail_stop` setting.
[2024-06-20T09:21:09.028+0000] {taskinstance.py:225} INFO - Setting task transform.popular_product_categories_run to SKIPPED due to dag's `fail_stop` setting.
[2024-06-20T09:21:09.029+0000] {taskinstance.py:1206} INFO - Marking task as FAILED. dag_id=ELT-PROJECT, task_id=transform.fact_order_details.test, run_id=manual__2024-06-20T09:10:32.865792+00:00, execution_date=20240620T091032, start_date=20240620T092040, end_date=20240620T092109
[2024-06-20T09:21:09.051+0000] {standard_task_runner.py:110} ERROR - Failed to execute job 384 for task transform.fact_order_details.test (dbt command failed. The command returned a non-zero exit code 1.; 6151)
[2024-06-20T09:21:09.097+0000] {local_task_job_runner.py:240} INFO - Task exited with return code 1
[2024-06-20T09:21:09.145+0000] {taskinstance.py:3503} INFO - 0 downstream tasks scheduled from follow-on schedule check
[2024-06-20T09:21:09.147+0000] {local_task_job_runner.py:222} INFO - ::endgroup::
