[2024-06-20T08:42:49.104+0000] {local_task_job_runner.py:120} INFO - ::group::Pre task execution logs
[2024-06-20T08:42:49.265+0000] {taskinstance.py:2076} INFO - Dependencies all met for dep_context=non-requeueable deps ti=<TaskInstance: ELT-PROJECT.transform.raw_order_details.test manual__2024-06-20T08:41:09.652767+00:00 [queued]>
[2024-06-20T08:42:49.358+0000] {taskinstance.py:2076} INFO - Dependencies all met for dep_context=requeueable deps ti=<TaskInstance: ELT-PROJECT.transform.raw_order_details.test manual__2024-06-20T08:41:09.652767+00:00 [queued]>
[2024-06-20T08:42:49.359+0000] {taskinstance.py:2306} INFO - Starting attempt 1 of 2
[2024-06-20T08:42:49.442+0000] {taskinstance.py:2330} INFO - Executing <Task(DbtTestLocalOperator): transform.raw_order_details.test> on 2024-06-20 08:41:09.652767+00:00
[2024-06-20T08:42:49.464+0000] {standard_task_runner.py:90} INFO - Running: ['airflow', 'tasks', 'run', 'ELT-PROJECT', 'transform.raw_order_details.test', 'manual__2024-06-20T08:41:09.652767+00:00', '--job-id', '257', '--raw', '--subdir', 'DAGS_FOLDER/elt.py', '--cfg-path', '/tmp/tmp7hxppuqk']
[2024-06-20T08:42:49.471+0000] {standard_task_runner.py:91} INFO - Job 257: Subtask transform.raw_order_details.test
[2024-06-20T08:42:49.494+0000] {logging_mixin.py:188} WARNING - /home/airflow/.local/lib/python3.12/site-packages/airflow/task/task_runner/standard_task_runner.py:61 DeprecationWarning: This process (pid=3534) is multi-threaded, use of fork() may lead to deadlocks in the child.
[2024-06-20T08:42:49.499+0000] {standard_task_runner.py:63} INFO - Started process 3557 to run task
[2024-06-20T08:42:49.525+0000] {logging_mixin.py:188} WARNING - /home/airflow/.local/lib/python3.12/site-packages/airflow/settings.py:195 DeprecationWarning: The sql_alchemy_conn option in [core] has been moved to the sql_alchemy_conn option in [database] - the old setting has been used, but please update your config.
[2024-06-20T08:42:49.694+0000] {task_command.py:426} INFO - Running <TaskInstance: ELT-PROJECT.transform.raw_order_details.test manual__2024-06-20T08:41:09.652767+00:00 [running]> on host airflow-scheduler
[2024-06-20T08:42:50.258+0000] {taskinstance.py:2648} INFO - Exporting env vars: AIRFLOW_CTX_DAG_OWNER='Data-Ninja' AIRFLOW_CTX_DAG_ID='ELT-PROJECT' AIRFLOW_CTX_TASK_ID='transform.raw_order_details.test' AIRFLOW_CTX_EXECUTION_DATE='2024-06-20T08:41:09.652767+00:00' AIRFLOW_CTX_TRY_NUMBER='1' AIRFLOW_CTX_DAG_RUN_ID='manual__2024-06-20T08:41:09.652767+00:00'
[2024-06-20T08:42:50.265+0000] {taskinstance.py:430} INFO - ::endgroup::
[2024-06-20T08:42:50.285+0000] {local.py:174} INFO - Could not import dbtRunner. Falling back to subprocess for invoking dbt.
[2024-06-20T08:42:50.293+0000] {local.py:292} INFO - Cloning project to writable temp directory /tmp/tmpamvd7wwb from /opt/airflow/dags/dbt/dbt_project
[2024-06-20T08:42:50.323+0000] {local.py:303} INFO - Partial parse is enabled and the latest partial parse file is /tmp/cosmos/ELT-PROJECT__transform/target/partial_parse.msgpack
[2024-06-20T08:42:50.554+0000] {base.py:84} INFO - Using connection ID 'snow_conn' for task execution.
[2024-06-20T08:42:50.555+0000] {crypto.py:82} WARNING - empty cryptography key - values will not be stored encrypted.
[2024-06-20T08:42:50.571+0000] {base.py:225} INFO - Using real values for profile dbt_project
[2024-06-20T08:42:50.595+0000] {config.py:291} INFO - Creating temporary profiles.yml with use_mock_values=False at /tmp/tmp_bkh9be2/profiles.yml with the following contents:
dbt_project:
    outputs:
        dev:
            account: sk84886.europe-west2.gcp
            database: ELT_PROJECT
            password: '{{ env_var(''COSMOS_CONN_SNOWFLAKE_PASSWORD'') }}'
            role: SYSADMIN
            schema: PUBLIC
            type: snowflake
            user: DATANINJA
            warehouse: TRANSFORM
    target: dev

[2024-06-20T08:42:50.598+0000] {local.py:247} INFO - Trying to run the command:
 ['/opt/airflow/dbt_venv/bin/dbt', 'deps', '--project-dir', '/tmp/tmpamvd7wwb', '--profiles-dir', '/tmp/tmp_bkh9be2', '--profile', 'dbt_project', '--target', 'dev']
From /tmp/tmpamvd7wwb
[2024-06-20T08:42:50.601+0000] {subprocess.py:60} INFO - Tmp dir root location: 
 /tmp
[2024-06-20T08:42:50.604+0000] {subprocess.py:73} INFO - Running command: ['/opt/airflow/dbt_venv/bin/dbt', 'deps', '--project-dir', '/tmp/tmpamvd7wwb', '--profiles-dir', '/tmp/tmp_bkh9be2', '--profile', 'dbt_project', '--target', 'dev']
[2024-06-20T08:42:50.726+0000] {subprocess.py:84} INFO - Command output:
[2024-06-20T08:42:59.881+0000] {subprocess.py:94} INFO - [0m08:42:59  Running with dbt=1.8.2
[2024-06-20T08:43:00.984+0000] {subprocess.py:94} INFO - [0m08:43:00  Updating lock file in file path: /tmp/tmpamvd7wwb/package-lock.yml
[2024-06-20T08:43:01.033+0000] {subprocess.py:94} INFO - [0m08:43:01  Installing dbt-labs/dbt_utils
[2024-06-20T08:43:01.808+0000] {subprocess.py:94} INFO - [0m08:43:01  Installed from version 0.8.6
[2024-06-20T08:43:01.814+0000] {subprocess.py:94} INFO - [0m08:43:01  Updated version available: 1.2.0
[2024-06-20T08:43:01.825+0000] {subprocess.py:94} INFO - [0m08:43:01
[2024-06-20T08:43:01.830+0000] {subprocess.py:94} INFO - [0m08:43:01  Updates available for packages: ['dbt-labs/dbt_utils']
[2024-06-20T08:43:01.834+0000] {subprocess.py:94} INFO - Update your versions in packages.yml, then run dbt deps
[2024-06-20T08:43:03.411+0000] {subprocess.py:98} INFO - Command exited with return code 0
[2024-06-20T08:43:03.414+0000] {local.py:254} INFO - Update your versions in packages.yml, then run dbt deps
[2024-06-20T08:43:03.417+0000] {local.py:247} INFO - Trying to run the command:
 ['/opt/airflow/dbt_venv/bin/dbt', 'test', '--models', 'raw_order_details', '--project-dir', '/tmp/tmpamvd7wwb', '--profiles-dir', '/tmp/tmp_bkh9be2', '--profile', 'dbt_project', '--target', 'dev']
From /tmp/tmpamvd7wwb
[2024-06-20T08:43:03.421+0000] {subprocess.py:60} INFO - Tmp dir root location: 
 /tmp
[2024-06-20T08:43:03.424+0000] {subprocess.py:73} INFO - Running command: ['/opt/airflow/dbt_venv/bin/dbt', 'test', '--models', 'raw_order_details', '--project-dir', '/tmp/tmpamvd7wwb', '--profiles-dir', '/tmp/tmp_bkh9be2', '--profile', 'dbt_project', '--target', 'dev']
[2024-06-20T08:43:03.486+0000] {subprocess.py:84} INFO - Command output:
[2024-06-20T08:43:13.683+0000] {subprocess.py:94} INFO - [0m08:43:13  Running with dbt=1.8.2
[2024-06-20T08:43:16.802+0000] {subprocess.py:94} INFO - [0m08:43:16  Registered adapter: snowflake=1.8.3
[2024-06-20T08:43:20.419+0000] {subprocess.py:94} INFO - [0m08:43:20  Found 20 models, 32 data tests, 11 sources, 682 macros
[2024-06-20T08:43:20.428+0000] {subprocess.py:94} INFO - [0m08:43:20
[2024-06-20T08:43:25.889+0000] {subprocess.py:94} INFO - [0m08:43:25  Concurrency: 1 threads (target='dev')
[2024-06-20T08:43:25.891+0000] {subprocess.py:94} INFO - [0m08:43:25
[2024-06-20T08:43:25.928+0000] {subprocess.py:94} INFO - [0m08:43:25  1 of 3 START test not_null_raw_order_details_ORDERDETAILID ..................... [RUN]
[2024-06-20T08:43:27.601+0000] {subprocess.py:94} INFO - [0m08:43:27  1 of 3 ERROR not_null_raw_order_details_ORDERDETAILID .......................... [[31mERROR[0m in 1.67s]
[2024-06-20T08:43:27.608+0000] {subprocess.py:94} INFO - [0m08:43:27  2 of 3 START test not_null_raw_order_details_ORDERID ........................... [RUN]
[2024-06-20T08:43:29.296+0000] {subprocess.py:94} INFO - [0m08:43:29  2 of 3 PASS not_null_raw_order_details_ORDERID ................................. [[32mPASS[0m in 1.68s]
[2024-06-20T08:43:29.302+0000] {subprocess.py:94} INFO - [0m08:43:29  3 of 3 START test not_null_raw_order_details_PRODUCTID ......................... [RUN]
[2024-06-20T08:43:31.165+0000] {subprocess.py:94} INFO - [0m08:43:31  3 of 3 PASS not_null_raw_order_details_PRODUCTID ............................... [[32mPASS[0m in 1.86s]
[2024-06-20T08:43:31.179+0000] {subprocess.py:94} INFO - [0m08:43:31
[2024-06-20T08:43:31.181+0000] {subprocess.py:94} INFO - [0m08:43:31  Finished running 3 data tests in 0 hours 0 minutes and 10.75 seconds (10.75s).
[2024-06-20T08:43:31.442+0000] {subprocess.py:94} INFO - [0m08:43:31
[2024-06-20T08:43:31.444+0000] {subprocess.py:94} INFO - [0m08:43:31  [31mCompleted with 1 error and 0 warnings:[0m
[2024-06-20T08:43:31.446+0000] {subprocess.py:94} INFO - [0m08:43:31
[2024-06-20T08:43:31.448+0000] {subprocess.py:94} INFO - [0m08:43:31    Database Error in test not_null_raw_order_details_ORDERDETAILID (models/staging/schema.yml)
[2024-06-20T08:43:31.451+0000] {subprocess.py:94} INFO -   000904 (42000): SQL compilation error: error line 12 at position 7
[2024-06-20T08:43:31.452+0000] {subprocess.py:94} INFO -   invalid identifier 'ORDERDETAILID'
[2024-06-20T08:43:31.454+0000] {subprocess.py:94} INFO -   compiled Code at target/run/dbt_project/models/staging/schema.yml/not_null_raw_order_details_ORDERDETAILID.sql
[2024-06-20T08:43:31.456+0000] {subprocess.py:94} INFO - [0m08:43:31
[2024-06-20T08:43:31.459+0000] {subprocess.py:94} INFO - [0m08:43:31  Done. PASS=2 WARN=0 ERROR=1 SKIP=0 TOTAL=3
[2024-06-20T08:43:33.261+0000] {subprocess.py:98} INFO - Command exited with return code 1
[2024-06-20T08:43:33.263+0000] {local.py:254} INFO - [0m08:43:31  Done. PASS=2 WARN=0 ERROR=1 SKIP=0 TOTAL=3
[2024-06-20T08:43:33.309+0000] {local.py:196} WARNING - Artifact schema version: https://schemas.getdbt.com/dbt/manifest/v12.json is above dbt-ol supported version 7. This might cause errors.
[2024-06-20T08:43:33.310+0000] {local.py:196} WARNING - Artifact schema version: https://schemas.getdbt.com/dbt/run-results/v6.json is above dbt-ol supported version 5. This might cause errors.
[2024-06-20T08:43:33.322+0000] {local.py:349} INFO - Inlets: [Dataset(uri='snowflake://sk84886.europe-west2.gcp/ELT_PROJECT.raw.raw_order_details', extra=None)]
[2024-06-20T08:43:33.324+0000] {local.py:350} INFO - Outlets: []
[2024-06-20T08:43:33.325+0000] {dag.py:3096} INFO - Sync 1 DAGs
[2024-06-20T08:43:33.671+0000] {dag.py:3954} INFO - Setting next_dagrun for ELT-PROJECT to None, run_after=None
[2024-06-20T08:43:33.720+0000] {local.py:184} ERROR - [0m08:43:13  Running with dbt=1.8.2
[0m08:43:16  Registered adapter: snowflake=1.8.3
[0m08:43:20  Found 20 models, 32 data tests, 11 sources, 682 macros
[0m08:43:20
[0m08:43:25  Concurrency: 1 threads (target='dev')
[0m08:43:25
[0m08:43:25  1 of 3 START test not_null_raw_order_details_ORDERDETAILID ..................... [RUN]
[0m08:43:27  1 of 3 ERROR not_null_raw_order_details_ORDERDETAILID .......................... [[31mERROR[0m in 1.67s]
[0m08:43:27  2 of 3 START test not_null_raw_order_details_ORDERID ........................... [RUN]
[0m08:43:29  2 of 3 PASS not_null_raw_order_details_ORDERID ................................. [[32mPASS[0m in 1.68s]
[0m08:43:29  3 of 3 START test not_null_raw_order_details_PRODUCTID ......................... [RUN]
[0m08:43:31  3 of 3 PASS not_null_raw_order_details_PRODUCTID ............................... [[32mPASS[0m in 1.86s]
[0m08:43:31
[0m08:43:31  Finished running 3 data tests in 0 hours 0 minutes and 10.75 seconds (10.75s).
[0m08:43:31
[0m08:43:31  [31mCompleted with 1 error and 0 warnings:[0m
[0m08:43:31
[0m08:43:31    Database Error in test not_null_raw_order_details_ORDERDETAILID (models/staging/schema.yml)
  000904 (42000): SQL compilation error: error line 12 at position 7
  invalid identifier 'ORDERDETAILID'
  compiled Code at target/run/dbt_project/models/staging/schema.yml/not_null_raw_order_details_ORDERDETAILID.sql
[0m08:43:31
[0m08:43:31  Done. PASS=2 WARN=0 ERROR=1 SKIP=0 TOTAL=3
[2024-06-20T08:43:33.739+0000] {taskinstance.py:441} INFO - ::group::Post task execution logs
[2024-06-20T08:43:33.770+0000] {taskinstance.py:2905} ERROR - Task failed with exception
Traceback (most recent call last):
  File "/home/airflow/.local/lib/python3.12/site-packages/airflow/models/taskinstance.py", line 465, in _execute_task
    result = _execute_callable(context=context, **execute_callable_kwargs)
             ^^^^^^^^^^^^^^^^^^^^^^^^^^^^^^^^^^^^^^^^^^^^^^^^^^^^^^^^^^^^^
  File "/home/airflow/.local/lib/python3.12/site-packages/airflow/models/taskinstance.py", line 432, in _execute_callable
    return execute_callable(context=context, **execute_callable_kwargs)
           ^^^^^^^^^^^^^^^^^^^^^^^^^^^^^^^^^^^^^^^^^^^^^^^^^^^^^^^^^^^^
  File "/home/airflow/.local/lib/python3.12/site-packages/airflow/models/baseoperator.py", line 401, in wrapper
    return func(self, *args, **kwargs)
           ^^^^^^^^^^^^^^^^^^^^^^^^^^^
  File "/home/airflow/.local/lib/python3.12/site-packages/cosmos/operators/local.py", line 579, in execute
    result = self.build_and_run_cmd(context=context, cmd_flags=self.add_cmd_flags())
             ^^^^^^^^^^^^^^^^^^^^^^^^^^^^^^^^^^^^^^^^^^^^^^^^^^^^^^^^^^^^^^^^^^^^^^^
  File "/home/airflow/.local/lib/python3.12/site-packages/cosmos/operators/local.py", line 489, in build_and_run_cmd
    result = self.run_command(cmd=dbt_cmd, env=env, context=context)
             ^^^^^^^^^^^^^^^^^^^^^^^^^^^^^^^^^^^^^^^^^^^^^^^^^^^^^^^
  File "/home/airflow/.local/lib/python3.12/site-packages/cosmos/operators/local.py", line 359, in run_command
    self.handle_exception(result)
  File "/home/airflow/.local/lib/python3.12/site-packages/cosmos/operators/local.py", line 185, in handle_exception_subprocess
    raise AirflowException(f"dbt command failed. The command returned a non-zero exit code {result.exit_code}.")
airflow.exceptions.AirflowException: dbt command failed. The command returned a non-zero exit code 1.
[2024-06-20T08:43:33.778+0000] {taskinstance.py:1206} INFO - Marking task as UP_FOR_RETRY. dag_id=ELT-PROJECT, task_id=transform.raw_order_details.test, run_id=manual__2024-06-20T08:41:09.652767+00:00, execution_date=20240620T084109, start_date=20240620T084249, end_date=20240620T084333
[2024-06-20T08:43:33.799+0000] {standard_task_runner.py:110} ERROR - Failed to execute job 257 for task transform.raw_order_details.test (dbt command failed. The command returned a non-zero exit code 1.; 3557)
[2024-06-20T08:43:33.863+0000] {local_task_job_runner.py:240} INFO - Task exited with return code 1
[2024-06-20T08:43:33.973+0000] {taskinstance.py:3503} INFO - 0 downstream tasks scheduled from follow-on schedule check
[2024-06-20T08:43:33.977+0000] {local_task_job_runner.py:222} INFO - ::endgroup::
