[2024-06-20T07:29:45.539+0000] {local_task_job_runner.py:120} INFO - ::group::Pre task execution logs
[2024-06-20T07:29:45.773+0000] {taskinstance.py:2076} INFO - Dependencies all met for dep_context=non-requeueable deps ti=<TaskInstance: ELT-PROJECT.transform.raw_categories.run manual__2024-06-20T07:09:38.899967+00:00 [queued]>
[2024-06-20T07:29:45.875+0000] {taskinstance.py:2076} INFO - Dependencies all met for dep_context=requeueable deps ti=<TaskInstance: ELT-PROJECT.transform.raw_categories.run manual__2024-06-20T07:09:38.899967+00:00 [queued]>
[2024-06-20T07:29:45.876+0000] {taskinstance.py:2306} INFO - Starting attempt 1 of 2
[2024-06-20T07:29:46.038+0000] {taskinstance.py:2330} INFO - Executing <Task(DbtRunLocalOperator): transform.raw_categories.run> on 2024-06-20 07:09:38.899967+00:00
[2024-06-20T07:29:46.057+0000] {logging_mixin.py:188} WARNING - /home/airflow/.local/lib/python3.12/site-packages/airflow/task/task_runner/standard_task_runner.py:61 DeprecationWarning: This process (pid=513) is multi-threaded, use of fork() may lead to deadlocks in the child.
[2024-06-20T07:29:46.071+0000] {standard_task_runner.py:63} INFO - Started process 554 to run task
[2024-06-20T07:29:46.056+0000] {standard_task_runner.py:90} INFO - Running: ['airflow', 'tasks', 'run', 'ELT-PROJECT', 'transform.raw_categories.run', 'manual__2024-06-20T07:09:38.899967+00:00', '--job-id', '112', '--raw', '--subdir', 'DAGS_FOLDER/elt.py', '--cfg-path', '/tmp/tmpo5d4l8pa']
[2024-06-20T07:29:46.083+0000] {standard_task_runner.py:91} INFO - Job 112: Subtask transform.raw_categories.run
[2024-06-20T07:29:46.230+0000] {logging_mixin.py:188} WARNING - /home/airflow/.local/lib/python3.12/site-packages/airflow/settings.py:195 DeprecationWarning: The sql_alchemy_conn option in [core] has been moved to the sql_alchemy_conn option in [database] - the old setting has been used, but please update your config.
[2024-06-20T07:29:46.429+0000] {task_command.py:426} INFO - Running <TaskInstance: ELT-PROJECT.transform.raw_categories.run manual__2024-06-20T07:09:38.899967+00:00 [running]> on host airflow-scheduler
[2024-06-20T07:29:47.202+0000] {taskinstance.py:2648} INFO - Exporting env vars: AIRFLOW_CTX_DAG_OWNER='Data-Ninja' AIRFLOW_CTX_DAG_ID='ELT-PROJECT' AIRFLOW_CTX_TASK_ID='transform.raw_categories.run' AIRFLOW_CTX_EXECUTION_DATE='2024-06-20T07:09:38.899967+00:00' AIRFLOW_CTX_TRY_NUMBER='1' AIRFLOW_CTX_DAG_RUN_ID='manual__2024-06-20T07:09:38.899967+00:00'
[2024-06-20T07:29:47.207+0000] {taskinstance.py:430} INFO - ::endgroup::
[2024-06-20T07:29:47.230+0000] {local.py:174} INFO - Could not import dbtRunner. Falling back to subprocess for invoking dbt.
[2024-06-20T07:29:47.238+0000] {local.py:292} INFO - Cloning project to writable temp directory /tmp/tmpi76_gmcm from /opt/airflow/dags/dbt/dbt_project
[2024-06-20T07:29:47.278+0000] {local.py:303} INFO - Partial parse is enabled and the latest partial parse file is /opt/airflow/dags/dbt/dbt_project/target/partial_parse.msgpack
[2024-06-20T07:29:47.511+0000] {base.py:84} INFO - Using connection ID 'snow_conn' for task execution.
[2024-06-20T07:29:47.513+0000] {crypto.py:82} WARNING - empty cryptography key - values will not be stored encrypted.
[2024-06-20T07:29:47.525+0000] {base.py:225} INFO - Using real values for profile dbt_project
[2024-06-20T07:29:47.542+0000] {config.py:291} INFO - Creating temporary profiles.yml with use_mock_values=False at /tmp/tmp887pf5zp/profiles.yml with the following contents:
dbt_project:
    outputs:
        dev:
            account: sk84886.europe-west2.gcp
            database: ELT_PROJECT
            password: '{{ env_var(''COSMOS_CONN_SNOWFLAKE_PASSWORD'') }}'
            role: SYSADMIN
            schema: PUBLIC
            type: snowflake
            user: DATANINJA
            warehouse: TRANSFORM
    target: dev

[2024-06-20T07:29:47.548+0000] {local.py:247} INFO - Trying to run the command:
 ['/opt/airflow/dbt_venv/bin/dbt', 'run', '--models', 'raw_categories', '--project-dir', '/tmp/tmpi76_gmcm', '--profiles-dir', '/tmp/tmp887pf5zp', '--profile', 'dbt_project', '--target', 'dev']
From /tmp/tmpi76_gmcm
[2024-06-20T07:29:47.551+0000] {subprocess.py:60} INFO - Tmp dir root location: 
 /tmp
[2024-06-20T07:29:47.555+0000] {subprocess.py:73} INFO - Running command: ['/opt/airflow/dbt_venv/bin/dbt', 'run', '--models', 'raw_categories', '--project-dir', '/tmp/tmpi76_gmcm', '--profiles-dir', '/tmp/tmp887pf5zp', '--profile', 'dbt_project', '--target', 'dev']
[2024-06-20T07:29:47.639+0000] {subprocess.py:84} INFO - Command output:
[2024-06-20T07:30:00.110+0000] {subprocess.py:94} INFO - [0m07:30:00  Running with dbt=1.8.2
[2024-06-20T07:30:02.632+0000] {subprocess.py:94} INFO - [0m07:30:02  Registered adapter: snowflake=1.8.3
[2024-06-20T07:30:02.651+0000] {subprocess.py:94} INFO - [0m07:30:02  Encountered an error:
[2024-06-20T07:30:02.653+0000] {subprocess.py:94} INFO - Compilation Error
[2024-06-20T07:30:02.654+0000] {subprocess.py:94} INFO -   dbt found 1 package(s) specified in packages.yml, but only 0 package(s) installed in dbt_packages. Run "dbt deps" to install package dependencies.
[2024-06-20T07:30:05.233+0000] {subprocess.py:98} INFO - Command exited with return code 2
[2024-06-20T07:30:05.236+0000] {local.py:254} INFO -   dbt found 1 package(s) specified in packages.yml, but only 0 package(s) installed in dbt_packages. Run "dbt deps" to install package dependencies.
[2024-06-20T07:30:06.239+0000] {local.py:196} WARNING - Artifact schema version: https://schemas.getdbt.com/dbt/manifest/v12.json is above dbt-ol supported version 7. This might cause errors.
[2024-06-20T07:30:06.250+0000] {local.py:349} INFO - Inlets: []
[2024-06-20T07:30:06.260+0000] {local.py:350} INFO - Outlets: []
[2024-06-20T07:30:06.263+0000] {dag.py:3096} INFO - Sync 1 DAGs
[2024-06-20T07:30:06.452+0000] {dag.py:3954} INFO - Setting next_dagrun for ELT-PROJECT to None, run_after=None
[2024-06-20T07:30:06.662+0000] {local.py:184} ERROR - [0m07:30:00  Running with dbt=1.8.2
[0m07:30:02  Registered adapter: snowflake=1.8.3
[0m07:30:02  Encountered an error:
Compilation Error
  dbt found 1 package(s) specified in packages.yml, but only 0 package(s) installed in dbt_packages. Run "dbt deps" to install package dependencies.
[2024-06-20T07:30:06.674+0000] {taskinstance.py:441} INFO - ::group::Post task execution logs
[2024-06-20T07:30:06.771+0000] {taskinstance.py:2905} ERROR - Task failed with exception
Traceback (most recent call last):
  File "/home/airflow/.local/lib/python3.12/site-packages/airflow/models/taskinstance.py", line 465, in _execute_task
    result = _execute_callable(context=context, **execute_callable_kwargs)
             ^^^^^^^^^^^^^^^^^^^^^^^^^^^^^^^^^^^^^^^^^^^^^^^^^^^^^^^^^^^^^
  File "/home/airflow/.local/lib/python3.12/site-packages/airflow/models/taskinstance.py", line 432, in _execute_callable
    return execute_callable(context=context, **execute_callable_kwargs)
           ^^^^^^^^^^^^^^^^^^^^^^^^^^^^^^^^^^^^^^^^^^^^^^^^^^^^^^^^^^^^
  File "/home/airflow/.local/lib/python3.12/site-packages/airflow/models/baseoperator.py", line 401, in wrapper
    return func(self, *args, **kwargs)
           ^^^^^^^^^^^^^^^^^^^^^^^^^^^
  File "/home/airflow/.local/lib/python3.12/site-packages/cosmos/operators/base.py", line 264, in execute
    self.build_and_run_cmd(context=context, cmd_flags=self.add_cmd_flags())
  File "/home/airflow/.local/lib/python3.12/site-packages/cosmos/operators/local.py", line 489, in build_and_run_cmd
    result = self.run_command(cmd=dbt_cmd, env=env, context=context)
             ^^^^^^^^^^^^^^^^^^^^^^^^^^^^^^^^^^^^^^^^^^^^^^^^^^^^^^^
  File "/home/airflow/.local/lib/python3.12/site-packages/cosmos/operators/local.py", line 359, in run_command
    self.handle_exception(result)
  File "/home/airflow/.local/lib/python3.12/site-packages/cosmos/operators/local.py", line 185, in handle_exception_subprocess
    raise AirflowException(f"dbt command failed. The command returned a non-zero exit code {result.exit_code}.")
airflow.exceptions.AirflowException: dbt command failed. The command returned a non-zero exit code 2.
[2024-06-20T07:30:06.806+0000] {taskinstance.py:1206} INFO - Marking task as UP_FOR_RETRY. dag_id=ELT-PROJECT, task_id=transform.raw_categories.run, run_id=manual__2024-06-20T07:09:38.899967+00:00, execution_date=20240620T070938, start_date=20240620T072945, end_date=20240620T073006
[2024-06-20T07:30:07.115+0000] {standard_task_runner.py:110} ERROR - Failed to execute job 112 for task transform.raw_categories.run (dbt command failed. The command returned a non-zero exit code 2.; 554)
[2024-06-20T07:30:07.232+0000] {local_task_job_runner.py:240} INFO - Task exited with return code 1
[2024-06-20T07:30:07.293+0000] {local_task_job_runner.py:222} INFO - ::endgroup::
